2024-07-28 20:30:40.257 [main] INFO  o.g.s.ShortenServiceApplication - Starting ShortenServiceApplication using Java 17.0.2 with PID 11720 (C:\SON.admin\ProjectFinal\gonlink.online\backend\shorten-service\build\classes\java\main started by ADMIN in C:\SON.admin\ProjectFinal\gonlink.online\backend)
2024-07-28 20:30:40.265 [main] INFO  o.g.s.ShortenServiceApplication - No active profile set, falling back to 1 default profile: "default"
2024-07-28 20:30:41.116 [main] INFO  o.s.d.r.c.RepositoryConfigurationDelegate - Bootstrapping Spring Data MongoDB repositories in DEFAULT mode.
2024-07-28 20:30:41.277 [main] INFO  o.s.d.r.c.RepositoryConfigurationDelegate - Finished Spring Data repository scanning in 137 ms. Found 1 MongoDB repository interface.
2024-07-28 20:30:42.056 [main] INFO  org.mongodb.driver.client - MongoClient with metadata {"driver": {"name": "mongo-java-driver|sync|spring-boot", "version": "5.0.1"}, "os": {"type": "Windows", "name": "Windows 11", "architecture": "amd64", "version": "10.0"}, "platform": "Java/Oracle Corporation/17.0.2+8-LTS-86"} created with settings MongoClientSettings{readPreference=primary, writeConcern=WriteConcern{w=null, wTimeout=null ms, journal=null}, retryWrites=true, retryReads=true, readConcern=ReadConcern{level=null}, credential=MongoCredential{mechanism=null, userName='sonnees', source='admin', password=<hidden>, mechanismProperties=<hidden>}, transportSettings=null, commandListeners=[], codecRegistry=ProvidersCodecRegistry{codecProviders=[ValueCodecProvider{}, BsonValueCodecProvider{}, DBRefCodecProvider{}, DBObjectCodecProvider{}, DocumentCodecProvider{}, CollectionCodecProvider{}, IterableCodecProvider{}, MapCodecProvider{}, GeoJsonCodecProvider{}, GridFSFileCodecProvider{}, Jsr310CodecProvider{}, JsonObjectCodecProvider{}, BsonCodecProvider{}, EnumCodecProvider{}, com.mongodb.client.model.mql.ExpressionCodecProvider@5634a861, com.mongodb.Jep395RecordCodecProvider@2b0dc227, com.mongodb.KotlinCodecProvider@37ad042b]}, loggerSettings=LoggerSettings{maxDocumentLength=1000}, clusterSettings={hosts=[127.0.0.1:27017], srvHost=cluster0.m0vbmbu.mongodb.net, srvServiceName=mongodb, mode=MULTIPLE, requiredClusterType=REPLICA_SET, requiredReplicaSetName='atlas-mog6u6-shard-0', serverSelector='null', clusterListeners='[]', serverSelectionTimeout='30000 ms', localThreshold='15 ms'}, socketSettings=SocketSettings{connectTimeoutMS=10000, readTimeoutMS=0, receiveBufferSize=0, proxySettings=ProxySettings{host=null, port=null, username=null, password=null}}, heartbeatSocketSettings=SocketSettings{connectTimeoutMS=10000, readTimeoutMS=10000, receiveBufferSize=0, proxySettings=ProxySettings{host=null, port=null, username=null, password=null}}, connectionPoolSettings=ConnectionPoolSettings{maxSize=100, minSize=0, maxWaitTimeMS=120000, maxConnectionLifeTimeMS=0, maxConnectionIdleTimeMS=0, maintenanceInitialDelayMS=0, maintenanceFrequencyMS=60000, connectionPoolListeners=[], maxConnecting=2}, serverSettings=ServerSettings{heartbeatFrequencyMS=10000, minHeartbeatFrequencyMS=500, serverListeners='[]', serverMonitorListeners='[]'}, sslSettings=SslSettings{enabled=true, invalidHostNameAllowed=false, context=null}, applicationName='null', compressorList=[], uuidRepresentation=JAVA_LEGACY, serverApi=null, autoEncryptionSettings=null, dnsClient=null, inetAddressResolver=null, contextProvider=null}
2024-07-28 20:30:42.119 [cluster-ClusterId{value='66a64802e9fa9f58b951ce55', description='null'}-srv-cluster0.m0vbmbu.mongodb.net] INFO  org.mongodb.driver.cluster - Adding discovered server ac-duaokb9-shard-00-02.m0vbmbu.mongodb.net:27017 to client view of cluster
2024-07-28 20:30:42.165 [cluster-ClusterId{value='66a64802e9fa9f58b951ce55', description='null'}-srv-cluster0.m0vbmbu.mongodb.net] INFO  org.mongodb.driver.cluster - Adding discovered server ac-duaokb9-shard-00-00.m0vbmbu.mongodb.net:27017 to client view of cluster
2024-07-28 20:30:42.169 [cluster-ClusterId{value='66a64802e9fa9f58b951ce55', description='null'}-srv-cluster0.m0vbmbu.mongodb.net] INFO  org.mongodb.driver.cluster - Adding discovered server ac-duaokb9-shard-00-01.m0vbmbu.mongodb.net:27017 to client view of cluster
2024-07-28 20:30:43.089 [cluster-ClusterId{value='66a64802e9fa9f58b951ce55', description='null'}-ac-duaokb9-shard-00-02.m0vbmbu.mongodb.net:27017] INFO  org.mongodb.driver.cluster - Monitor thread successfully connected to server with description ServerDescription{address=ac-duaokb9-shard-00-02.m0vbmbu.mongodb.net:27017, type=REPLICA_SET_SECONDARY, state=CONNECTED, ok=true, minWireVersion=0, maxWireVersion=21, maxDocumentSize=16777216, logicalSessionTimeoutMinutes=30, roundTripTimeNanos=470750800, setName='atlas-mog6u6-shard-0', canonicalAddress=ac-duaokb9-shard-00-02.m0vbmbu.mongodb.net:27017, hosts=[ac-duaokb9-shard-00-01.m0vbmbu.mongodb.net:27017, ac-duaokb9-shard-00-00.m0vbmbu.mongodb.net:27017, ac-duaokb9-shard-00-02.m0vbmbu.mongodb.net:27017], passives=[], arbiters=[], primary='ac-duaokb9-shard-00-01.m0vbmbu.mongodb.net:27017', tagSet=TagSet{[Tag{name='availabilityZone', value='apse1-az3'}, Tag{name='diskState', value='READY'}, Tag{name='nodeType', value='ELECTABLE'}, Tag{name='provider', value='AWS'}, Tag{name='region', value='AP_SOUTHEAST_1'}, Tag{name='workloadType', value='OPERATIONAL'}]}, electionId=null, setVersion=195, topologyVersion=TopologyVersion{processId=668fd11444a03c205c505f15, counter=3}, lastWriteDate=Sun Jul 28 20:30:43 ICT 2024, lastUpdateTimeNanos=182920149532100}
2024-07-28 20:30:43.089 [cluster-ClusterId{value='66a64802e9fa9f58b951ce55', description='null'}-ac-duaokb9-shard-00-00.m0vbmbu.mongodb.net:27017] INFO  org.mongodb.driver.cluster - Monitor thread successfully connected to server with description ServerDescription{address=ac-duaokb9-shard-00-00.m0vbmbu.mongodb.net:27017, type=REPLICA_SET_SECONDARY, state=CONNECTED, ok=true, minWireVersion=0, maxWireVersion=21, maxDocumentSize=16777216, logicalSessionTimeoutMinutes=30, roundTripTimeNanos=470749800, setName='atlas-mog6u6-shard-0', canonicalAddress=ac-duaokb9-shard-00-00.m0vbmbu.mongodb.net:27017, hosts=[ac-duaokb9-shard-00-01.m0vbmbu.mongodb.net:27017, ac-duaokb9-shard-00-00.m0vbmbu.mongodb.net:27017, ac-duaokb9-shard-00-02.m0vbmbu.mongodb.net:27017], passives=[], arbiters=[], primary='ac-duaokb9-shard-00-01.m0vbmbu.mongodb.net:27017', tagSet=TagSet{[Tag{name='availabilityZone', value='apse1-az1'}, Tag{name='diskState', value='READY'}, Tag{name='nodeType', value='ELECTABLE'}, Tag{name='provider', value='AWS'}, Tag{name='region', value='AP_SOUTHEAST_1'}, Tag{name='workloadType', value='OPERATIONAL'}]}, electionId=null, setVersion=195, topologyVersion=TopologyVersion{processId=668fcfb1716df8a23b22e194, counter=4}, lastWriteDate=Sun Jul 28 20:30:43 ICT 2024, lastUpdateTimeNanos=182920149532100}
2024-07-28 20:30:43.182 [main] INFO  n.d.b.g.s.a.GrpcServerFactoryAutoConfiguration - Detected grpc-netty-shaded: Creating ShadedNettyGrpcServerFactory
2024-07-28 20:30:43.217 [main] WARN  o.s.c.a.AnnotationConfigApplicationContext - Exception encountered during context initialization - cancelling refresh attempt: org.springframework.beans.factory.BeanCreationException: Error creating bean with name 'shadedNettyGrpcServerFactory' defined in class path resource [net/devh/boot/grpc/server/autoconfigure/GrpcServerFactoryAutoConfiguration.class]: Failed to instantiate [net.devh.boot.grpc.server.serverfactory.ShadedNettyGrpcServerFactory]: Factory method 'shadedNettyGrpcServerFactory' threw exception with message: Cannot cast online.gonlink.shortenservice.config.GlobalInterceptorConfiguration$$Lambda$1080/0x0000000801132210 to io.grpc.ServerInterceptor
2024-07-28 20:30:43.300 [main] INFO  o.s.b.a.l.ConditionEvaluationReportLogger - 

Error starting ApplicationContext. To display the condition evaluation report re-run your application with 'debug' enabled.
2024-07-28 20:30:43.317 [main] ERROR o.s.boot.SpringApplication - Application run failed
org.springframework.beans.factory.BeanCreationException: Error creating bean with name 'shadedNettyGrpcServerFactory' defined in class path resource [net/devh/boot/grpc/server/autoconfigure/GrpcServerFactoryAutoConfiguration.class]: Failed to instantiate [net.devh.boot.grpc.server.serverfactory.ShadedNettyGrpcServerFactory]: Factory method 'shadedNettyGrpcServerFactory' threw exception with message: Cannot cast online.gonlink.shortenservice.config.GlobalInterceptorConfiguration$$Lambda$1080/0x0000000801132210 to io.grpc.ServerInterceptor
	at org.springframework.beans.factory.support.ConstructorResolver.instantiate(ConstructorResolver.java:648)
	at org.springframework.beans.factory.support.ConstructorResolver.instantiateUsingFactoryMethod(ConstructorResolver.java:636)
	at org.springframework.beans.factory.support.AbstractAutowireCapableBeanFactory.instantiateUsingFactoryMethod(AbstractAutowireCapableBeanFactory.java:1337)
	at org.springframework.beans.factory.support.AbstractAutowireCapableBeanFactory.createBeanInstance(AbstractAutowireCapableBeanFactory.java:1167)
	at org.springframework.beans.factory.support.AbstractAutowireCapableBeanFactory.doCreateBean(AbstractAutowireCapableBeanFactory.java:562)
	at org.springframework.beans.factory.support.AbstractAutowireCapableBeanFactory.createBean(AbstractAutowireCapableBeanFactory.java:522)
	at org.springframework.beans.factory.support.AbstractBeanFactory.lambda$doGetBean$0(AbstractBeanFactory.java:337)
	at org.springframework.beans.factory.support.DefaultSingletonBeanRegistry.getSingleton(DefaultSingletonBeanRegistry.java:234)
	at org.springframework.beans.factory.support.AbstractBeanFactory.doGetBean(AbstractBeanFactory.java:335)
	at org.springframework.beans.factory.support.AbstractBeanFactory.getBean(AbstractBeanFactory.java:200)
	at org.springframework.beans.factory.support.DefaultListableBeanFactory.preInstantiateSingletons(DefaultListableBeanFactory.java:975)
	at org.springframework.context.support.AbstractApplicationContext.finishBeanFactoryInitialization(AbstractApplicationContext.java:962)
	at org.springframework.context.support.AbstractApplicationContext.refresh(AbstractApplicationContext.java:624)
	at org.springframework.boot.SpringApplication.refresh(SpringApplication.java:754)
	at org.springframework.boot.SpringApplication.refreshContext(SpringApplication.java:456)
	at org.springframework.boot.SpringApplication.run(SpringApplication.java:335)
	at org.springframework.boot.SpringApplication.run(SpringApplication.java:1363)
	at org.springframework.boot.SpringApplication.run(SpringApplication.java:1352)
	at online.gonlink.shortenservice.ShortenServiceApplication.main(ShortenServiceApplication.java:13)
Caused by: org.springframework.beans.BeanInstantiationException: Failed to instantiate [net.devh.boot.grpc.server.serverfactory.ShadedNettyGrpcServerFactory]: Factory method 'shadedNettyGrpcServerFactory' threw exception with message: Cannot cast online.gonlink.shortenservice.config.GlobalInterceptorConfiguration$$Lambda$1080/0x0000000801132210 to io.grpc.ServerInterceptor
	at org.springframework.beans.factory.support.SimpleInstantiationStrategy.instantiate(SimpleInstantiationStrategy.java:177)
	at org.springframework.beans.factory.support.ConstructorResolver.instantiate(ConstructorResolver.java:644)
	... 18 common frames omitted
Caused by: java.lang.ClassCastException: Cannot cast online.gonlink.shortenservice.config.GlobalInterceptorConfiguration$$Lambda$1080/0x0000000801132210 to io.grpc.ServerInterceptor
	at java.base/java.lang.Class.cast(Class.java:3889)
	at com.google.common.collect.Maps$9.transformEntry(Maps.java:2117)
	at com.google.common.collect.Maps$12.getValue(Maps.java:2165)
	at net.devh.boot.grpc.server.interceptor.AnnotationGlobalServerInterceptorConfigurer.configureServerInterceptors(AnnotationGlobalServerInterceptorConfigurer.java:65)
	at net.devh.boot.grpc.server.interceptor.GlobalServerInterceptorRegistry.initServerInterceptors(GlobalServerInterceptorRegistry.java:83)
	at net.devh.boot.grpc.server.interceptor.GlobalServerInterceptorRegistry.getServerInterceptors(GlobalServerInterceptorRegistry.java:69)
	at net.devh.boot.grpc.server.service.AnnotationGrpcServiceDiscoverer.bindInterceptors(AnnotationGrpcServiceDiscoverer.java:76)
	at net.devh.boot.grpc.server.service.AnnotationGrpcServiceDiscoverer.findGrpcServices(AnnotationGrpcServiceDiscoverer.java:64)
	at net.devh.boot.grpc.server.autoconfigure.GrpcServerFactoryAutoConfiguration.shadedNettyGrpcServerFactory(GrpcServerFactoryAutoConfiguration.java:75)
	at java.base/jdk.internal.reflect.NativeMethodAccessorImpl.invoke0(Native Method)
	at java.base/jdk.internal.reflect.NativeMethodAccessorImpl.invoke(NativeMethodAccessorImpl.java:77)
	at java.base/jdk.internal.reflect.DelegatingMethodAccessorImpl.invoke(DelegatingMethodAccessorImpl.java:43)
	at java.base/java.lang.reflect.Method.invoke(Method.java:568)
	at org.springframework.beans.factory.support.SimpleInstantiationStrategy.instantiate(SimpleInstantiationStrategy.java:140)
	... 19 common frames omitted
2024-07-28 20:32:37.160 [main] INFO  o.g.s.ShortenServiceApplication - Starting ShortenServiceApplication using Java 17.0.2 with PID 3424 (C:\SON.admin\ProjectFinal\gonlink.online\backend\shorten-service\build\classes\java\main started by ADMIN in C:\SON.admin\ProjectFinal\gonlink.online\backend)
2024-07-28 20:32:37.162 [main] INFO  o.g.s.ShortenServiceApplication - No active profile set, falling back to 1 default profile: "default"
2024-07-28 20:32:37.572 [main] INFO  o.s.d.r.c.RepositoryConfigurationDelegate - Bootstrapping Spring Data MongoDB repositories in DEFAULT mode.
2024-07-28 20:32:37.628 [main] INFO  o.s.d.r.c.RepositoryConfigurationDelegate - Finished Spring Data repository scanning in 50 ms. Found 1 MongoDB repository interface.
2024-07-28 20:32:38.003 [cluster-ClusterId{value='66a648753a10d57a055b44a0', description='null'}-srv-cluster0.m0vbmbu.mongodb.net] INFO  org.mongodb.driver.cluster - Adding discovered server ac-duaokb9-shard-00-02.m0vbmbu.mongodb.net:27017 to client view of cluster
2024-07-28 20:32:38.019 [main] INFO  org.mongodb.driver.client - MongoClient with metadata {"driver": {"name": "mongo-java-driver|sync|spring-boot", "version": "5.0.1"}, "os": {"type": "Windows", "name": "Windows 11", "architecture": "amd64", "version": "10.0"}, "platform": "Java/Oracle Corporation/17.0.2+8-LTS-86"} created with settings MongoClientSettings{readPreference=primary, writeConcern=WriteConcern{w=null, wTimeout=null ms, journal=null}, retryWrites=true, retryReads=true, readConcern=ReadConcern{level=null}, credential=MongoCredential{mechanism=null, userName='sonnees', source='admin', password=<hidden>, mechanismProperties=<hidden>}, transportSettings=null, commandListeners=[], codecRegistry=ProvidersCodecRegistry{codecProviders=[ValueCodecProvider{}, BsonValueCodecProvider{}, DBRefCodecProvider{}, DBObjectCodecProvider{}, DocumentCodecProvider{}, CollectionCodecProvider{}, IterableCodecProvider{}, MapCodecProvider{}, GeoJsonCodecProvider{}, GridFSFileCodecProvider{}, Jsr310CodecProvider{}, JsonObjectCodecProvider{}, BsonCodecProvider{}, EnumCodecProvider{}, com.mongodb.client.model.mql.ExpressionCodecProvider@7f9fc8bd, com.mongodb.Jep395RecordCodecProvider@ea52184, com.mongodb.KotlinCodecProvider@3e7b65d7]}, loggerSettings=LoggerSettings{maxDocumentLength=1000}, clusterSettings={hosts=[127.0.0.1:27017], srvHost=cluster0.m0vbmbu.mongodb.net, srvServiceName=mongodb, mode=MULTIPLE, requiredClusterType=REPLICA_SET, requiredReplicaSetName='atlas-mog6u6-shard-0', serverSelector='null', clusterListeners='[]', serverSelectionTimeout='30000 ms', localThreshold='15 ms'}, socketSettings=SocketSettings{connectTimeoutMS=10000, readTimeoutMS=0, receiveBufferSize=0, proxySettings=ProxySettings{host=null, port=null, username=null, password=null}}, heartbeatSocketSettings=SocketSettings{connectTimeoutMS=10000, readTimeoutMS=10000, receiveBufferSize=0, proxySettings=ProxySettings{host=null, port=null, username=null, password=null}}, connectionPoolSettings=ConnectionPoolSettings{maxSize=100, minSize=0, maxWaitTimeMS=120000, maxConnectionLifeTimeMS=0, maxConnectionIdleTimeMS=0, maintenanceInitialDelayMS=0, maintenanceFrequencyMS=60000, connectionPoolListeners=[], maxConnecting=2}, serverSettings=ServerSettings{heartbeatFrequencyMS=10000, minHeartbeatFrequencyMS=500, serverListeners='[]', serverMonitorListeners='[]'}, sslSettings=SslSettings{enabled=true, invalidHostNameAllowed=false, context=null}, applicationName='null', compressorList=[], uuidRepresentation=JAVA_LEGACY, serverApi=null, autoEncryptionSettings=null, dnsClient=null, inetAddressResolver=null, contextProvider=null}
2024-07-28 20:32:38.025 [cluster-ClusterId{value='66a648753a10d57a055b44a0', description='null'}-srv-cluster0.m0vbmbu.mongodb.net] INFO  org.mongodb.driver.cluster - Adding discovered server ac-duaokb9-shard-00-00.m0vbmbu.mongodb.net:27017 to client view of cluster
2024-07-28 20:32:38.028 [cluster-ClusterId{value='66a648753a10d57a055b44a0', description='null'}-srv-cluster0.m0vbmbu.mongodb.net] INFO  org.mongodb.driver.cluster - Adding discovered server ac-duaokb9-shard-00-01.m0vbmbu.mongodb.net:27017 to client view of cluster
2024-07-28 20:32:38.442 [cluster-ClusterId{value='66a648753a10d57a055b44a0', description='null'}-ac-duaokb9-shard-00-00.m0vbmbu.mongodb.net:27017] INFO  org.mongodb.driver.cluster - Monitor thread successfully connected to server with description ServerDescription{address=ac-duaokb9-shard-00-00.m0vbmbu.mongodb.net:27017, type=REPLICA_SET_SECONDARY, state=CONNECTED, ok=true, minWireVersion=0, maxWireVersion=21, maxDocumentSize=16777216, logicalSessionTimeoutMinutes=30, roundTripTimeNanos=253724900, setName='atlas-mog6u6-shard-0', canonicalAddress=ac-duaokb9-shard-00-00.m0vbmbu.mongodb.net:27017, hosts=[ac-duaokb9-shard-00-01.m0vbmbu.mongodb.net:27017, ac-duaokb9-shard-00-00.m0vbmbu.mongodb.net:27017, ac-duaokb9-shard-00-02.m0vbmbu.mongodb.net:27017], passives=[], arbiters=[], primary='ac-duaokb9-shard-00-01.m0vbmbu.mongodb.net:27017', tagSet=TagSet{[Tag{name='availabilityZone', value='apse1-az1'}, Tag{name='diskState', value='READY'}, Tag{name='nodeType', value='ELECTABLE'}, Tag{name='provider', value='AWS'}, Tag{name='region', value='AP_SOUTHEAST_1'}, Tag{name='workloadType', value='OPERATIONAL'}]}, electionId=null, setVersion=195, topologyVersion=TopologyVersion{processId=668fcfb1716df8a23b22e194, counter=4}, lastWriteDate=Sun Jul 28 20:32:38 ICT 2024, lastUpdateTimeNanos=183035503538300}
2024-07-28 20:32:38.442 [cluster-ClusterId{value='66a648753a10d57a055b44a0', description='null'}-ac-duaokb9-shard-00-01.m0vbmbu.mongodb.net:27017] INFO  org.mongodb.driver.cluster - Monitor thread successfully connected to server with description ServerDescription{address=ac-duaokb9-shard-00-01.m0vbmbu.mongodb.net:27017, type=REPLICA_SET_PRIMARY, state=CONNECTED, ok=true, minWireVersion=0, maxWireVersion=21, maxDocumentSize=16777216, logicalSessionTimeoutMinutes=30, roundTripTimeNanos=248949000, setName='atlas-mog6u6-shard-0', canonicalAddress=ac-duaokb9-shard-00-01.m0vbmbu.mongodb.net:27017, hosts=[ac-duaokb9-shard-00-01.m0vbmbu.mongodb.net:27017, ac-duaokb9-shard-00-00.m0vbmbu.mongodb.net:27017, ac-duaokb9-shard-00-02.m0vbmbu.mongodb.net:27017], passives=[], arbiters=[], primary='ac-duaokb9-shard-00-01.m0vbmbu.mongodb.net:27017', tagSet=TagSet{[Tag{name='availabilityZone', value='apse1-az2'}, Tag{name='diskState', value='READY'}, Tag{name='nodeType', value='ELECTABLE'}, Tag{name='provider', value='AWS'}, Tag{name='region', value='AP_SOUTHEAST_1'}, Tag{name='workloadType', value='OPERATIONAL'}]}, electionId=7fffffff0000000000000178, setVersion=195, topologyVersion=TopologyVersion{processId=668fced35efc8b1ba1b38626, counter=6}, lastWriteDate=Sun Jul 28 20:32:38 ICT 2024, lastUpdateTimeNanos=183035503538300}
2024-07-28 20:32:38.442 [cluster-ClusterId{value='66a648753a10d57a055b44a0', description='null'}-ac-duaokb9-shard-00-02.m0vbmbu.mongodb.net:27017] INFO  org.mongodb.driver.cluster - Monitor thread successfully connected to server with description ServerDescription{address=ac-duaokb9-shard-00-02.m0vbmbu.mongodb.net:27017, type=REPLICA_SET_SECONDARY, state=CONNECTED, ok=true, minWireVersion=0, maxWireVersion=21, maxDocumentSize=16777216, logicalSessionTimeoutMinutes=30, roundTripTimeNanos=249411500, setName='atlas-mog6u6-shard-0', canonicalAddress=ac-duaokb9-shard-00-02.m0vbmbu.mongodb.net:27017, hosts=[ac-duaokb9-shard-00-01.m0vbmbu.mongodb.net:27017, ac-duaokb9-shard-00-00.m0vbmbu.mongodb.net:27017, ac-duaokb9-shard-00-02.m0vbmbu.mongodb.net:27017], passives=[], arbiters=[], primary='ac-duaokb9-shard-00-01.m0vbmbu.mongodb.net:27017', tagSet=TagSet{[Tag{name='availabilityZone', value='apse1-az3'}, Tag{name='diskState', value='READY'}, Tag{name='nodeType', value='ELECTABLE'}, Tag{name='provider', value='AWS'}, Tag{name='region', value='AP_SOUTHEAST_1'}, Tag{name='workloadType', value='OPERATIONAL'}]}, electionId=null, setVersion=195, topologyVersion=TopologyVersion{processId=668fd11444a03c205c505f15, counter=3}, lastWriteDate=Sun Jul 28 20:32:38 ICT 2024, lastUpdateTimeNanos=183035503540000}
2024-07-28 20:32:38.445 [cluster-ClusterId{value='66a648753a10d57a055b44a0', description='null'}-ac-duaokb9-shard-00-01.m0vbmbu.mongodb.net:27017] INFO  org.mongodb.driver.cluster - Discovered replica set primary ac-duaokb9-shard-00-01.m0vbmbu.mongodb.net:27017 with max election id 7fffffff0000000000000178 and max set version 195
2024-07-28 20:32:38.487 [main] INFO  n.d.b.g.s.a.GrpcServerFactoryAutoConfiguration - Detected grpc-netty-shaded: Creating ShadedNettyGrpcServerFactory
2024-07-28 20:32:38.526 [main] WARN  o.s.c.a.AnnotationConfigApplicationContext - Exception encountered during context initialization - cancelling refresh attempt: org.springframework.beans.factory.BeanCreationException: Error creating bean with name 'shadedNettyGrpcServerFactory' defined in class path resource [net/devh/boot/grpc/server/autoconfigure/GrpcServerFactoryAutoConfiguration.class]: Failed to instantiate [net.devh.boot.grpc.server.serverfactory.ShadedNettyGrpcServerFactory]: Factory method 'shadedNettyGrpcServerFactory' threw exception with message: Cannot cast online.gonlink.shortenservice.config.GlobalInterceptorConfiguration$$Lambda$1118/0x0000000801147a00 to io.grpc.ServerInterceptor
2024-07-28 20:32:38.650 [main] INFO  o.s.b.a.l.ConditionEvaluationReportLogger - 

Error starting ApplicationContext. To display the condition evaluation report re-run your application with 'debug' enabled.
2024-07-28 20:32:38.677 [main] ERROR o.s.boot.SpringApplication - Application run failed
org.springframework.beans.factory.BeanCreationException: Error creating bean with name 'shadedNettyGrpcServerFactory' defined in class path resource [net/devh/boot/grpc/server/autoconfigure/GrpcServerFactoryAutoConfiguration.class]: Failed to instantiate [net.devh.boot.grpc.server.serverfactory.ShadedNettyGrpcServerFactory]: Factory method 'shadedNettyGrpcServerFactory' threw exception with message: Cannot cast online.gonlink.shortenservice.config.GlobalInterceptorConfiguration$$Lambda$1118/0x0000000801147a00 to io.grpc.ServerInterceptor
	at org.springframework.beans.factory.support.ConstructorResolver.instantiate(ConstructorResolver.java:648)
	at org.springframework.beans.factory.support.ConstructorResolver.instantiateUsingFactoryMethod(ConstructorResolver.java:636)
	at org.springframework.beans.factory.support.AbstractAutowireCapableBeanFactory.instantiateUsingFactoryMethod(AbstractAutowireCapableBeanFactory.java:1337)
	at org.springframework.beans.factory.support.AbstractAutowireCapableBeanFactory.createBeanInstance(AbstractAutowireCapableBeanFactory.java:1167)
	at org.springframework.beans.factory.support.AbstractAutowireCapableBeanFactory.doCreateBean(AbstractAutowireCapableBeanFactory.java:562)
	at org.springframework.beans.factory.support.AbstractAutowireCapableBeanFactory.createBean(AbstractAutowireCapableBeanFactory.java:522)
	at org.springframework.beans.factory.support.AbstractBeanFactory.lambda$doGetBean$0(AbstractBeanFactory.java:337)
	at org.springframework.beans.factory.support.DefaultSingletonBeanRegistry.getSingleton(DefaultSingletonBeanRegistry.java:234)
	at org.springframework.beans.factory.support.AbstractBeanFactory.doGetBean(AbstractBeanFactory.java:335)
	at org.springframework.beans.factory.support.AbstractBeanFactory.getBean(AbstractBeanFactory.java:200)
	at org.springframework.beans.factory.support.DefaultListableBeanFactory.preInstantiateSingletons(DefaultListableBeanFactory.java:975)
	at org.springframework.context.support.AbstractApplicationContext.finishBeanFactoryInitialization(AbstractApplicationContext.java:962)
	at org.springframework.context.support.AbstractApplicationContext.refresh(AbstractApplicationContext.java:624)
	at org.springframework.boot.SpringApplication.refresh(SpringApplication.java:754)
	at org.springframework.boot.SpringApplication.refreshContext(SpringApplication.java:456)
	at org.springframework.boot.SpringApplication.run(SpringApplication.java:335)
	at org.springframework.boot.SpringApplication.run(SpringApplication.java:1363)
	at org.springframework.boot.SpringApplication.run(SpringApplication.java:1352)
	at online.gonlink.shortenservice.ShortenServiceApplication.main(ShortenServiceApplication.java:13)
Caused by: org.springframework.beans.BeanInstantiationException: Failed to instantiate [net.devh.boot.grpc.server.serverfactory.ShadedNettyGrpcServerFactory]: Factory method 'shadedNettyGrpcServerFactory' threw exception with message: Cannot cast online.gonlink.shortenservice.config.GlobalInterceptorConfiguration$$Lambda$1118/0x0000000801147a00 to io.grpc.ServerInterceptor
	at org.springframework.beans.factory.support.SimpleInstantiationStrategy.instantiate(SimpleInstantiationStrategy.java:177)
	at org.springframework.beans.factory.support.ConstructorResolver.instantiate(ConstructorResolver.java:644)
	... 18 common frames omitted
Caused by: java.lang.ClassCastException: Cannot cast online.gonlink.shortenservice.config.GlobalInterceptorConfiguration$$Lambda$1118/0x0000000801147a00 to io.grpc.ServerInterceptor
	at java.base/java.lang.Class.cast(Class.java:3889)
	at com.google.common.collect.Maps$9.transformEntry(Maps.java:2117)
	at com.google.common.collect.Maps$12.getValue(Maps.java:2165)
	at net.devh.boot.grpc.server.interceptor.AnnotationGlobalServerInterceptorConfigurer.configureServerInterceptors(AnnotationGlobalServerInterceptorConfigurer.java:65)
	at net.devh.boot.grpc.server.interceptor.GlobalServerInterceptorRegistry.initServerInterceptors(GlobalServerInterceptorRegistry.java:83)
	at net.devh.boot.grpc.server.interceptor.GlobalServerInterceptorRegistry.getServerInterceptors(GlobalServerInterceptorRegistry.java:69)
	at net.devh.boot.grpc.server.service.AnnotationGrpcServiceDiscoverer.bindInterceptors(AnnotationGrpcServiceDiscoverer.java:76)
	at net.devh.boot.grpc.server.service.AnnotationGrpcServiceDiscoverer.findGrpcServices(AnnotationGrpcServiceDiscoverer.java:64)
	at net.devh.boot.grpc.server.autoconfigure.GrpcServerFactoryAutoConfiguration.shadedNettyGrpcServerFactory(GrpcServerFactoryAutoConfiguration.java:75)
	at java.base/jdk.internal.reflect.NativeMethodAccessorImpl.invoke0(Native Method)
	at java.base/jdk.internal.reflect.NativeMethodAccessorImpl.invoke(NativeMethodAccessorImpl.java:77)
	at java.base/jdk.internal.reflect.DelegatingMethodAccessorImpl.invoke(DelegatingMethodAccessorImpl.java:43)
	at java.base/java.lang.reflect.Method.invoke(Method.java:568)
	at org.springframework.beans.factory.support.SimpleInstantiationStrategy.instantiate(SimpleInstantiationStrategy.java:140)
	... 19 common frames omitted
2024-07-28 20:33:05.714 [main] INFO  o.g.s.ShortenServiceApplication - Starting ShortenServiceApplication using Java 17.0.2 with PID 14916 (C:\SON.admin\ProjectFinal\gonlink.online\backend\shorten-service\build\classes\java\main started by ADMIN in C:\SON.admin\ProjectFinal\gonlink.online\backend)
2024-07-28 20:33:05.715 [main] INFO  o.g.s.ShortenServiceApplication - No active profile set, falling back to 1 default profile: "default"
2024-07-28 20:33:06.118 [main] INFO  o.s.d.r.c.RepositoryConfigurationDelegate - Bootstrapping Spring Data MongoDB repositories in DEFAULT mode.
2024-07-28 20:33:06.176 [main] INFO  o.s.d.r.c.RepositoryConfigurationDelegate - Finished Spring Data repository scanning in 48 ms. Found 1 MongoDB repository interface.
2024-07-28 20:33:06.539 [cluster-ClusterId{value='66a64892c02c8f64064a275a', description='null'}-srv-cluster0.m0vbmbu.mongodb.net] INFO  org.mongodb.driver.cluster - Adding discovered server ac-duaokb9-shard-00-02.m0vbmbu.mongodb.net:27017 to client view of cluster
2024-07-28 20:33:06.560 [main] INFO  org.mongodb.driver.client - MongoClient with metadata {"driver": {"name": "mongo-java-driver|sync|spring-boot", "version": "5.0.1"}, "os": {"type": "Windows", "name": "Windows 11", "architecture": "amd64", "version": "10.0"}, "platform": "Java/Oracle Corporation/17.0.2+8-LTS-86"} created with settings MongoClientSettings{readPreference=primary, writeConcern=WriteConcern{w=null, wTimeout=null ms, journal=null}, retryWrites=true, retryReads=true, readConcern=ReadConcern{level=null}, credential=MongoCredential{mechanism=null, userName='sonnees', source='admin', password=<hidden>, mechanismProperties=<hidden>}, transportSettings=null, commandListeners=[], codecRegistry=ProvidersCodecRegistry{codecProviders=[ValueCodecProvider{}, BsonValueCodecProvider{}, DBRefCodecProvider{}, DBObjectCodecProvider{}, DocumentCodecProvider{}, CollectionCodecProvider{}, IterableCodecProvider{}, MapCodecProvider{}, GeoJsonCodecProvider{}, GridFSFileCodecProvider{}, Jsr310CodecProvider{}, JsonObjectCodecProvider{}, BsonCodecProvider{}, EnumCodecProvider{}, com.mongodb.client.model.mql.ExpressionCodecProvider@45e9b12d, com.mongodb.Jep395RecordCodecProvider@3dc95b8b, com.mongodb.KotlinCodecProvider@2d55e826]}, loggerSettings=LoggerSettings{maxDocumentLength=1000}, clusterSettings={hosts=[127.0.0.1:27017], srvHost=cluster0.m0vbmbu.mongodb.net, srvServiceName=mongodb, mode=MULTIPLE, requiredClusterType=REPLICA_SET, requiredReplicaSetName='atlas-mog6u6-shard-0', serverSelector='null', clusterListeners='[]', serverSelectionTimeout='30000 ms', localThreshold='15 ms'}, socketSettings=SocketSettings{connectTimeoutMS=10000, readTimeoutMS=0, receiveBufferSize=0, proxySettings=ProxySettings{host=null, port=null, username=null, password=null}}, heartbeatSocketSettings=SocketSettings{connectTimeoutMS=10000, readTimeoutMS=10000, receiveBufferSize=0, proxySettings=ProxySettings{host=null, port=null, username=null, password=null}}, connectionPoolSettings=ConnectionPoolSettings{maxSize=100, minSize=0, maxWaitTimeMS=120000, maxConnectionLifeTimeMS=0, maxConnectionIdleTimeMS=0, maintenanceInitialDelayMS=0, maintenanceFrequencyMS=60000, connectionPoolListeners=[], maxConnecting=2}, serverSettings=ServerSettings{heartbeatFrequencyMS=10000, minHeartbeatFrequencyMS=500, serverListeners='[]', serverMonitorListeners='[]'}, sslSettings=SslSettings{enabled=true, invalidHostNameAllowed=false, context=null}, applicationName='null', compressorList=[], uuidRepresentation=JAVA_LEGACY, serverApi=null, autoEncryptionSettings=null, dnsClient=null, inetAddressResolver=null, contextProvider=null}
2024-07-28 20:33:06.564 [cluster-ClusterId{value='66a64892c02c8f64064a275a', description='null'}-srv-cluster0.m0vbmbu.mongodb.net] INFO  org.mongodb.driver.cluster - Adding discovered server ac-duaokb9-shard-00-00.m0vbmbu.mongodb.net:27017 to client view of cluster
2024-07-28 20:33:06.567 [cluster-ClusterId{value='66a64892c02c8f64064a275a', description='null'}-srv-cluster0.m0vbmbu.mongodb.net] INFO  org.mongodb.driver.cluster - Adding discovered server ac-duaokb9-shard-00-01.m0vbmbu.mongodb.net:27017 to client view of cluster
2024-07-28 20:33:06.944 [cluster-ClusterId{value='66a64892c02c8f64064a275a', description='null'}-ac-duaokb9-shard-00-00.m0vbmbu.mongodb.net:27017] INFO  org.mongodb.driver.cluster - Monitor thread successfully connected to server with description ServerDescription{address=ac-duaokb9-shard-00-00.m0vbmbu.mongodb.net:27017, type=REPLICA_SET_SECONDARY, state=CONNECTED, ok=true, minWireVersion=0, maxWireVersion=21, maxDocumentSize=16777216, logicalSessionTimeoutMinutes=30, roundTripTimeNanos=217517700, setName='atlas-mog6u6-shard-0', canonicalAddress=ac-duaokb9-shard-00-00.m0vbmbu.mongodb.net:27017, hosts=[ac-duaokb9-shard-00-01.m0vbmbu.mongodb.net:27017, ac-duaokb9-shard-00-00.m0vbmbu.mongodb.net:27017, ac-duaokb9-shard-00-02.m0vbmbu.mongodb.net:27017], passives=[], arbiters=[], primary='ac-duaokb9-shard-00-01.m0vbmbu.mongodb.net:27017', tagSet=TagSet{[Tag{name='availabilityZone', value='apse1-az1'}, Tag{name='diskState', value='READY'}, Tag{name='nodeType', value='ELECTABLE'}, Tag{name='provider', value='AWS'}, Tag{name='region', value='AP_SOUTHEAST_1'}, Tag{name='workloadType', value='OPERATIONAL'}]}, electionId=null, setVersion=195, topologyVersion=TopologyVersion{processId=668fcfb1716df8a23b22e194, counter=4}, lastWriteDate=Sun Jul 28 20:33:06 ICT 2024, lastUpdateTimeNanos=183064005044000}
2024-07-28 20:33:06.944 [cluster-ClusterId{value='66a64892c02c8f64064a275a', description='null'}-ac-duaokb9-shard-00-02.m0vbmbu.mongodb.net:27017] INFO  org.mongodb.driver.cluster - Monitor thread successfully connected to server with description ServerDescription{address=ac-duaokb9-shard-00-02.m0vbmbu.mongodb.net:27017, type=REPLICA_SET_SECONDARY, state=CONNECTED, ok=true, minWireVersion=0, maxWireVersion=21, maxDocumentSize=16777216, logicalSessionTimeoutMinutes=30, roundTripTimeNanos=208105700, setName='atlas-mog6u6-shard-0', canonicalAddress=ac-duaokb9-shard-00-02.m0vbmbu.mongodb.net:27017, hosts=[ac-duaokb9-shard-00-01.m0vbmbu.mongodb.net:27017, ac-duaokb9-shard-00-00.m0vbmbu.mongodb.net:27017, ac-duaokb9-shard-00-02.m0vbmbu.mongodb.net:27017], passives=[], arbiters=[], primary='ac-duaokb9-shard-00-01.m0vbmbu.mongodb.net:27017', tagSet=TagSet{[Tag{name='availabilityZone', value='apse1-az3'}, Tag{name='diskState', value='READY'}, Tag{name='nodeType', value='ELECTABLE'}, Tag{name='provider', value='AWS'}, Tag{name='region', value='AP_SOUTHEAST_1'}, Tag{name='workloadType', value='OPERATIONAL'}]}, electionId=null, setVersion=195, topologyVersion=TopologyVersion{processId=668fd11444a03c205c505f15, counter=3}, lastWriteDate=Sun Jul 28 20:33:06 ICT 2024, lastUpdateTimeNanos=183064005044000}
2024-07-28 20:33:06.952 [cluster-ClusterId{value='66a64892c02c8f64064a275a', description='null'}-ac-duaokb9-shard-00-01.m0vbmbu.mongodb.net:27017] INFO  org.mongodb.driver.cluster - Monitor thread successfully connected to server with description ServerDescription{address=ac-duaokb9-shard-00-01.m0vbmbu.mongodb.net:27017, type=REPLICA_SET_PRIMARY, state=CONNECTED, ok=true, minWireVersion=0, maxWireVersion=21, maxDocumentSize=16777216, logicalSessionTimeoutMinutes=30, roundTripTimeNanos=218292500, setName='atlas-mog6u6-shard-0', canonicalAddress=ac-duaokb9-shard-00-01.m0vbmbu.mongodb.net:27017, hosts=[ac-duaokb9-shard-00-01.m0vbmbu.mongodb.net:27017, ac-duaokb9-shard-00-00.m0vbmbu.mongodb.net:27017, ac-duaokb9-shard-00-02.m0vbmbu.mongodb.net:27017], passives=[], arbiters=[], primary='ac-duaokb9-shard-00-01.m0vbmbu.mongodb.net:27017', tagSet=TagSet{[Tag{name='availabilityZone', value='apse1-az2'}, Tag{name='diskState', value='READY'}, Tag{name='nodeType', value='ELECTABLE'}, Tag{name='provider', value='AWS'}, Tag{name='region', value='AP_SOUTHEAST_1'}, Tag{name='workloadType', value='OPERATIONAL'}]}, electionId=7fffffff0000000000000178, setVersion=195, topologyVersion=TopologyVersion{processId=668fced35efc8b1ba1b38626, counter=6}, lastWriteDate=Sun Jul 28 20:33:06 ICT 2024, lastUpdateTimeNanos=183064015490600}
2024-07-28 20:33:06.953 [cluster-ClusterId{value='66a64892c02c8f64064a275a', description='null'}-ac-duaokb9-shard-00-01.m0vbmbu.mongodb.net:27017] INFO  org.mongodb.driver.cluster - Discovered replica set primary ac-duaokb9-shard-00-01.m0vbmbu.mongodb.net:27017 with max election id 7fffffff0000000000000178 and max set version 195
2024-07-28 20:33:07.006 [main] INFO  n.d.b.g.s.a.GrpcServerFactoryAutoConfiguration - Detected grpc-netty-shaded: Creating ShadedNettyGrpcServerFactory
2024-07-28 20:33:07.042 [main] WARN  o.s.c.a.AnnotationConfigApplicationContext - Exception encountered during context initialization - cancelling refresh attempt: org.springframework.beans.factory.BeanCreationException: Error creating bean with name 'shadedNettyGrpcServerFactory' defined in class path resource [net/devh/boot/grpc/server/autoconfigure/GrpcServerFactoryAutoConfiguration.class]: Failed to instantiate [net.devh.boot.grpc.server.serverfactory.ShadedNettyGrpcServerFactory]: Factory method 'shadedNettyGrpcServerFactory' threw exception with message: Cannot cast online.gonlink.shortenservice.config.GlobalInterceptorConfiguration$$Lambda$1107/0x00000008011454a0 to io.grpc.ServerInterceptor
2024-07-28 20:33:07.179 [main] INFO  o.s.b.a.l.ConditionEvaluationReportLogger - 

Error starting ApplicationContext. To display the condition evaluation report re-run your application with 'debug' enabled.
2024-07-28 20:33:07.199 [main] ERROR o.s.boot.SpringApplication - Application run failed
org.springframework.beans.factory.BeanCreationException: Error creating bean with name 'shadedNettyGrpcServerFactory' defined in class path resource [net/devh/boot/grpc/server/autoconfigure/GrpcServerFactoryAutoConfiguration.class]: Failed to instantiate [net.devh.boot.grpc.server.serverfactory.ShadedNettyGrpcServerFactory]: Factory method 'shadedNettyGrpcServerFactory' threw exception with message: Cannot cast online.gonlink.shortenservice.config.GlobalInterceptorConfiguration$$Lambda$1107/0x00000008011454a0 to io.grpc.ServerInterceptor
	at org.springframework.beans.factory.support.ConstructorResolver.instantiate(ConstructorResolver.java:648)
	at org.springframework.beans.factory.support.ConstructorResolver.instantiateUsingFactoryMethod(ConstructorResolver.java:636)
	at org.springframework.beans.factory.support.AbstractAutowireCapableBeanFactory.instantiateUsingFactoryMethod(AbstractAutowireCapableBeanFactory.java:1337)
	at org.springframework.beans.factory.support.AbstractAutowireCapableBeanFactory.createBeanInstance(AbstractAutowireCapableBeanFactory.java:1167)
	at org.springframework.beans.factory.support.AbstractAutowireCapableBeanFactory.doCreateBean(AbstractAutowireCapableBeanFactory.java:562)
	at org.springframework.beans.factory.support.AbstractAutowireCapableBeanFactory.createBean(AbstractAutowireCapableBeanFactory.java:522)
	at org.springframework.beans.factory.support.AbstractBeanFactory.lambda$doGetBean$0(AbstractBeanFactory.java:337)
	at org.springframework.beans.factory.support.DefaultSingletonBeanRegistry.getSingleton(DefaultSingletonBeanRegistry.java:234)
	at org.springframework.beans.factory.support.AbstractBeanFactory.doGetBean(AbstractBeanFactory.java:335)
	at org.springframework.beans.factory.support.AbstractBeanFactory.getBean(AbstractBeanFactory.java:200)
	at org.springframework.beans.factory.support.DefaultListableBeanFactory.preInstantiateSingletons(DefaultListableBeanFactory.java:975)
	at org.springframework.context.support.AbstractApplicationContext.finishBeanFactoryInitialization(AbstractApplicationContext.java:962)
	at org.springframework.context.support.AbstractApplicationContext.refresh(AbstractApplicationContext.java:624)
	at org.springframework.boot.SpringApplication.refresh(SpringApplication.java:754)
	at org.springframework.boot.SpringApplication.refreshContext(SpringApplication.java:456)
	at org.springframework.boot.SpringApplication.run(SpringApplication.java:335)
	at org.springframework.boot.SpringApplication.run(SpringApplication.java:1363)
	at org.springframework.boot.SpringApplication.run(SpringApplication.java:1352)
	at online.gonlink.shortenservice.ShortenServiceApplication.main(ShortenServiceApplication.java:13)
Caused by: org.springframework.beans.BeanInstantiationException: Failed to instantiate [net.devh.boot.grpc.server.serverfactory.ShadedNettyGrpcServerFactory]: Factory method 'shadedNettyGrpcServerFactory' threw exception with message: Cannot cast online.gonlink.shortenservice.config.GlobalInterceptorConfiguration$$Lambda$1107/0x00000008011454a0 to io.grpc.ServerInterceptor
	at org.springframework.beans.factory.support.SimpleInstantiationStrategy.instantiate(SimpleInstantiationStrategy.java:177)
	at org.springframework.beans.factory.support.ConstructorResolver.instantiate(ConstructorResolver.java:644)
	... 18 common frames omitted
Caused by: java.lang.ClassCastException: Cannot cast online.gonlink.shortenservice.config.GlobalInterceptorConfiguration$$Lambda$1107/0x00000008011454a0 to io.grpc.ServerInterceptor
	at java.base/java.lang.Class.cast(Class.java:3889)
	at com.google.common.collect.Maps$9.transformEntry(Maps.java:2117)
	at com.google.common.collect.Maps$12.getValue(Maps.java:2165)
	at net.devh.boot.grpc.server.interceptor.AnnotationGlobalServerInterceptorConfigurer.configureServerInterceptors(AnnotationGlobalServerInterceptorConfigurer.java:65)
	at net.devh.boot.grpc.server.interceptor.GlobalServerInterceptorRegistry.initServerInterceptors(GlobalServerInterceptorRegistry.java:83)
	at net.devh.boot.grpc.server.interceptor.GlobalServerInterceptorRegistry.getServerInterceptors(GlobalServerInterceptorRegistry.java:69)
	at net.devh.boot.grpc.server.service.AnnotationGrpcServiceDiscoverer.bindInterceptors(AnnotationGrpcServiceDiscoverer.java:76)
	at net.devh.boot.grpc.server.service.AnnotationGrpcServiceDiscoverer.findGrpcServices(AnnotationGrpcServiceDiscoverer.java:64)
	at net.devh.boot.grpc.server.autoconfigure.GrpcServerFactoryAutoConfiguration.shadedNettyGrpcServerFactory(GrpcServerFactoryAutoConfiguration.java:75)
	at java.base/jdk.internal.reflect.NativeMethodAccessorImpl.invoke0(Native Method)
	at java.base/jdk.internal.reflect.NativeMethodAccessorImpl.invoke(NativeMethodAccessorImpl.java:77)
	at java.base/jdk.internal.reflect.DelegatingMethodAccessorImpl.invoke(DelegatingMethodAccessorImpl.java:43)
	at java.base/java.lang.reflect.Method.invoke(Method.java:568)
	at org.springframework.beans.factory.support.SimpleInstantiationStrategy.instantiate(SimpleInstantiationStrategy.java:140)
	... 19 common frames omitted
2024-07-28 20:35:37.406 [main] INFO  o.g.s.ShortenServiceApplication - Starting ShortenServiceApplication using Java 17.0.2 with PID 16872 (C:\SON.admin\ProjectFinal\gonlink.online\backend\shorten-service\build\classes\java\main started by ADMIN in C:\SON.admin\ProjectFinal\gonlink.online\backend)
2024-07-28 20:35:37.408 [main] INFO  o.g.s.ShortenServiceApplication - No active profile set, falling back to 1 default profile: "default"
2024-07-28 20:35:37.808 [main] INFO  o.s.d.r.c.RepositoryConfigurationDelegate - Bootstrapping Spring Data MongoDB repositories in DEFAULT mode.
2024-07-28 20:35:37.862 [main] INFO  o.s.d.r.c.RepositoryConfigurationDelegate - Finished Spring Data repository scanning in 46 ms. Found 1 MongoDB repository interface.
2024-07-28 20:35:38.242 [cluster-ClusterId{value='66a6492aa3f2105704a02a80', description='null'}-srv-cluster0.m0vbmbu.mongodb.net] INFO  org.mongodb.driver.cluster - Adding discovered server ac-duaokb9-shard-00-02.m0vbmbu.mongodb.net:27017 to client view of cluster
2024-07-28 20:35:38.260 [main] INFO  org.mongodb.driver.client - MongoClient with metadata {"driver": {"name": "mongo-java-driver|sync|spring-boot", "version": "5.0.1"}, "os": {"type": "Windows", "name": "Windows 11", "architecture": "amd64", "version": "10.0"}, "platform": "Java/Oracle Corporation/17.0.2+8-LTS-86"} created with settings MongoClientSettings{readPreference=primary, writeConcern=WriteConcern{w=null, wTimeout=null ms, journal=null}, retryWrites=true, retryReads=true, readConcern=ReadConcern{level=null}, credential=MongoCredential{mechanism=null, userName='sonnees', source='admin', password=<hidden>, mechanismProperties=<hidden>}, transportSettings=null, commandListeners=[], codecRegistry=ProvidersCodecRegistry{codecProviders=[ValueCodecProvider{}, BsonValueCodecProvider{}, DBRefCodecProvider{}, DBObjectCodecProvider{}, DocumentCodecProvider{}, CollectionCodecProvider{}, IterableCodecProvider{}, MapCodecProvider{}, GeoJsonCodecProvider{}, GridFSFileCodecProvider{}, Jsr310CodecProvider{}, JsonObjectCodecProvider{}, BsonCodecProvider{}, EnumCodecProvider{}, com.mongodb.client.model.mql.ExpressionCodecProvider@71b639d0, com.mongodb.Jep395RecordCodecProvider@18a25bbd, com.mongodb.KotlinCodecProvider@5d5b9ecb]}, loggerSettings=LoggerSettings{maxDocumentLength=1000}, clusterSettings={hosts=[127.0.0.1:27017], srvHost=cluster0.m0vbmbu.mongodb.net, srvServiceName=mongodb, mode=MULTIPLE, requiredClusterType=REPLICA_SET, requiredReplicaSetName='atlas-mog6u6-shard-0', serverSelector='null', clusterListeners='[]', serverSelectionTimeout='30000 ms', localThreshold='15 ms'}, socketSettings=SocketSettings{connectTimeoutMS=10000, readTimeoutMS=0, receiveBufferSize=0, proxySettings=ProxySettings{host=null, port=null, username=null, password=null}}, heartbeatSocketSettings=SocketSettings{connectTimeoutMS=10000, readTimeoutMS=10000, receiveBufferSize=0, proxySettings=ProxySettings{host=null, port=null, username=null, password=null}}, connectionPoolSettings=ConnectionPoolSettings{maxSize=100, minSize=0, maxWaitTimeMS=120000, maxConnectionLifeTimeMS=0, maxConnectionIdleTimeMS=0, maintenanceInitialDelayMS=0, maintenanceFrequencyMS=60000, connectionPoolListeners=[], maxConnecting=2}, serverSettings=ServerSettings{heartbeatFrequencyMS=10000, minHeartbeatFrequencyMS=500, serverListeners='[]', serverMonitorListeners='[]'}, sslSettings=SslSettings{enabled=true, invalidHostNameAllowed=false, context=null}, applicationName='null', compressorList=[], uuidRepresentation=JAVA_LEGACY, serverApi=null, autoEncryptionSettings=null, dnsClient=null, inetAddressResolver=null, contextProvider=null}
2024-07-28 20:35:38.266 [cluster-ClusterId{value='66a6492aa3f2105704a02a80', description='null'}-srv-cluster0.m0vbmbu.mongodb.net] INFO  org.mongodb.driver.cluster - Adding discovered server ac-duaokb9-shard-00-00.m0vbmbu.mongodb.net:27017 to client view of cluster
2024-07-28 20:35:38.268 [cluster-ClusterId{value='66a6492aa3f2105704a02a80', description='null'}-srv-cluster0.m0vbmbu.mongodb.net] INFO  org.mongodb.driver.cluster - Adding discovered server ac-duaokb9-shard-00-01.m0vbmbu.mongodb.net:27017 to client view of cluster
2024-07-28 20:35:38.654 [cluster-ClusterId{value='66a6492aa3f2105704a02a80', description='null'}-ac-duaokb9-shard-00-02.m0vbmbu.mongodb.net:27017] INFO  org.mongodb.driver.cluster - Monitor thread successfully connected to server with description ServerDescription{address=ac-duaokb9-shard-00-02.m0vbmbu.mongodb.net:27017, type=REPLICA_SET_SECONDARY, state=CONNECTED, ok=true, minWireVersion=0, maxWireVersion=21, maxDocumentSize=16777216, logicalSessionTimeoutMinutes=30, roundTripTimeNanos=220393300, setName='atlas-mog6u6-shard-0', canonicalAddress=ac-duaokb9-shard-00-02.m0vbmbu.mongodb.net:27017, hosts=[ac-duaokb9-shard-00-01.m0vbmbu.mongodb.net:27017, ac-duaokb9-shard-00-00.m0vbmbu.mongodb.net:27017, ac-duaokb9-shard-00-02.m0vbmbu.mongodb.net:27017], passives=[], arbiters=[], primary='ac-duaokb9-shard-00-01.m0vbmbu.mongodb.net:27017', tagSet=TagSet{[Tag{name='availabilityZone', value='apse1-az3'}, Tag{name='diskState', value='READY'}, Tag{name='nodeType', value='ELECTABLE'}, Tag{name='provider', value='AWS'}, Tag{name='region', value='AP_SOUTHEAST_1'}, Tag{name='workloadType', value='OPERATIONAL'}]}, electionId=null, setVersion=195, topologyVersion=TopologyVersion{processId=668fd11444a03c205c505f15, counter=3}, lastWriteDate=Sun Jul 28 20:35:38 ICT 2024, lastUpdateTimeNanos=183215715353600}
2024-07-28 20:35:38.654 [cluster-ClusterId{value='66a6492aa3f2105704a02a80', description='null'}-ac-duaokb9-shard-00-00.m0vbmbu.mongodb.net:27017] INFO  org.mongodb.driver.cluster - Monitor thread successfully connected to server with description ServerDescription{address=ac-duaokb9-shard-00-00.m0vbmbu.mongodb.net:27017, type=REPLICA_SET_SECONDARY, state=CONNECTED, ok=true, minWireVersion=0, maxWireVersion=21, maxDocumentSize=16777216, logicalSessionTimeoutMinutes=30, roundTripTimeNanos=222068900, setName='atlas-mog6u6-shard-0', canonicalAddress=ac-duaokb9-shard-00-00.m0vbmbu.mongodb.net:27017, hosts=[ac-duaokb9-shard-00-01.m0vbmbu.mongodb.net:27017, ac-duaokb9-shard-00-00.m0vbmbu.mongodb.net:27017, ac-duaokb9-shard-00-02.m0vbmbu.mongodb.net:27017], passives=[], arbiters=[], primary='ac-duaokb9-shard-00-01.m0vbmbu.mongodb.net:27017', tagSet=TagSet{[Tag{name='availabilityZone', value='apse1-az1'}, Tag{name='diskState', value='READY'}, Tag{name='nodeType', value='ELECTABLE'}, Tag{name='provider', value='AWS'}, Tag{name='region', value='AP_SOUTHEAST_1'}, Tag{name='workloadType', value='OPERATIONAL'}]}, electionId=null, setVersion=195, topologyVersion=TopologyVersion{processId=668fcfb1716df8a23b22e194, counter=4}, lastWriteDate=Sun Jul 28 20:35:38 ICT 2024, lastUpdateTimeNanos=183215715356700}
2024-07-28 20:35:38.654 [cluster-ClusterId{value='66a6492aa3f2105704a02a80', description='null'}-ac-duaokb9-shard-00-01.m0vbmbu.mongodb.net:27017] INFO  org.mongodb.driver.cluster - Monitor thread successfully connected to server with description ServerDescription{address=ac-duaokb9-shard-00-01.m0vbmbu.mongodb.net:27017, type=REPLICA_SET_PRIMARY, state=CONNECTED, ok=true, minWireVersion=0, maxWireVersion=21, maxDocumentSize=16777216, logicalSessionTimeoutMinutes=30, roundTripTimeNanos=215522200, setName='atlas-mog6u6-shard-0', canonicalAddress=ac-duaokb9-shard-00-01.m0vbmbu.mongodb.net:27017, hosts=[ac-duaokb9-shard-00-01.m0vbmbu.mongodb.net:27017, ac-duaokb9-shard-00-00.m0vbmbu.mongodb.net:27017, ac-duaokb9-shard-00-02.m0vbmbu.mongodb.net:27017], passives=[], arbiters=[], primary='ac-duaokb9-shard-00-01.m0vbmbu.mongodb.net:27017', tagSet=TagSet{[Tag{name='availabilityZone', value='apse1-az2'}, Tag{name='diskState', value='READY'}, Tag{name='nodeType', value='ELECTABLE'}, Tag{name='provider', value='AWS'}, Tag{name='region', value='AP_SOUTHEAST_1'}, Tag{name='workloadType', value='OPERATIONAL'}]}, electionId=7fffffff0000000000000178, setVersion=195, topologyVersion=TopologyVersion{processId=668fced35efc8b1ba1b38626, counter=6}, lastWriteDate=Sun Jul 28 20:35:38 ICT 2024, lastUpdateTimeNanos=183215715353700}
2024-07-28 20:35:38.657 [cluster-ClusterId{value='66a6492aa3f2105704a02a80', description='null'}-ac-duaokb9-shard-00-01.m0vbmbu.mongodb.net:27017] INFO  org.mongodb.driver.cluster - Discovered replica set primary ac-duaokb9-shard-00-01.m0vbmbu.mongodb.net:27017 with max election id 7fffffff0000000000000178 and max set version 195
2024-07-28 20:35:38.700 [main] INFO  n.d.b.g.s.a.GrpcServerFactoryAutoConfiguration - Detected grpc-netty-shaded: Creating ShadedNettyGrpcServerFactory
2024-07-28 20:35:38.736 [main] WARN  o.s.c.a.AnnotationConfigApplicationContext - Exception encountered during context initialization - cancelling refresh attempt: org.springframework.beans.factory.BeanCreationException: Error creating bean with name 'shadedNettyGrpcServerFactory' defined in class path resource [net/devh/boot/grpc/server/autoconfigure/GrpcServerFactoryAutoConfiguration.class]: Failed to instantiate [net.devh.boot.grpc.server.serverfactory.ShadedNettyGrpcServerFactory]: Factory method 'shadedNettyGrpcServerFactory' threw exception with message: Cannot cast online.gonlink.shortenservice.config.GlobalInterceptorConfiguration$$Lambda$1116/0x0000000801146d48 to io.grpc.ServerInterceptor
2024-07-28 20:35:38.870 [main] INFO  o.s.b.a.l.ConditionEvaluationReportLogger - 

Error starting ApplicationContext. To display the condition evaluation report re-run your application with 'debug' enabled.
2024-07-28 20:35:38.893 [main] ERROR o.s.boot.SpringApplication - Application run failed
org.springframework.beans.factory.BeanCreationException: Error creating bean with name 'shadedNettyGrpcServerFactory' defined in class path resource [net/devh/boot/grpc/server/autoconfigure/GrpcServerFactoryAutoConfiguration.class]: Failed to instantiate [net.devh.boot.grpc.server.serverfactory.ShadedNettyGrpcServerFactory]: Factory method 'shadedNettyGrpcServerFactory' threw exception with message: Cannot cast online.gonlink.shortenservice.config.GlobalInterceptorConfiguration$$Lambda$1116/0x0000000801146d48 to io.grpc.ServerInterceptor
	at org.springframework.beans.factory.support.ConstructorResolver.instantiate(ConstructorResolver.java:648)
	at org.springframework.beans.factory.support.ConstructorResolver.instantiateUsingFactoryMethod(ConstructorResolver.java:636)
	at org.springframework.beans.factory.support.AbstractAutowireCapableBeanFactory.instantiateUsingFactoryMethod(AbstractAutowireCapableBeanFactory.java:1337)
	at org.springframework.beans.factory.support.AbstractAutowireCapableBeanFactory.createBeanInstance(AbstractAutowireCapableBeanFactory.java:1167)
	at org.springframework.beans.factory.support.AbstractAutowireCapableBeanFactory.doCreateBean(AbstractAutowireCapableBeanFactory.java:562)
	at org.springframework.beans.factory.support.AbstractAutowireCapableBeanFactory.createBean(AbstractAutowireCapableBeanFactory.java:522)
	at org.springframework.beans.factory.support.AbstractBeanFactory.lambda$doGetBean$0(AbstractBeanFactory.java:337)
	at org.springframework.beans.factory.support.DefaultSingletonBeanRegistry.getSingleton(DefaultSingletonBeanRegistry.java:234)
	at org.springframework.beans.factory.support.AbstractBeanFactory.doGetBean(AbstractBeanFactory.java:335)
	at org.springframework.beans.factory.support.AbstractBeanFactory.getBean(AbstractBeanFactory.java:200)
	at org.springframework.beans.factory.support.DefaultListableBeanFactory.preInstantiateSingletons(DefaultListableBeanFactory.java:975)
	at org.springframework.context.support.AbstractApplicationContext.finishBeanFactoryInitialization(AbstractApplicationContext.java:962)
	at org.springframework.context.support.AbstractApplicationContext.refresh(AbstractApplicationContext.java:624)
	at org.springframework.boot.SpringApplication.refresh(SpringApplication.java:754)
	at org.springframework.boot.SpringApplication.refreshContext(SpringApplication.java:456)
	at org.springframework.boot.SpringApplication.run(SpringApplication.java:335)
	at org.springframework.boot.SpringApplication.run(SpringApplication.java:1363)
	at org.springframework.boot.SpringApplication.run(SpringApplication.java:1352)
	at online.gonlink.shortenservice.ShortenServiceApplication.main(ShortenServiceApplication.java:13)
Caused by: org.springframework.beans.BeanInstantiationException: Failed to instantiate [net.devh.boot.grpc.server.serverfactory.ShadedNettyGrpcServerFactory]: Factory method 'shadedNettyGrpcServerFactory' threw exception with message: Cannot cast online.gonlink.shortenservice.config.GlobalInterceptorConfiguration$$Lambda$1116/0x0000000801146d48 to io.grpc.ServerInterceptor
	at org.springframework.beans.factory.support.SimpleInstantiationStrategy.instantiate(SimpleInstantiationStrategy.java:177)
	at org.springframework.beans.factory.support.ConstructorResolver.instantiate(ConstructorResolver.java:644)
	... 18 common frames omitted
Caused by: java.lang.ClassCastException: Cannot cast online.gonlink.shortenservice.config.GlobalInterceptorConfiguration$$Lambda$1116/0x0000000801146d48 to io.grpc.ServerInterceptor
	at java.base/java.lang.Class.cast(Class.java:3889)
	at com.google.common.collect.Maps$9.transformEntry(Maps.java:2117)
	at com.google.common.collect.Maps$12.getValue(Maps.java:2165)
	at net.devh.boot.grpc.server.interceptor.AnnotationGlobalServerInterceptorConfigurer.configureServerInterceptors(AnnotationGlobalServerInterceptorConfigurer.java:65)
	at net.devh.boot.grpc.server.interceptor.GlobalServerInterceptorRegistry.initServerInterceptors(GlobalServerInterceptorRegistry.java:83)
	at net.devh.boot.grpc.server.interceptor.GlobalServerInterceptorRegistry.getServerInterceptors(GlobalServerInterceptorRegistry.java:69)
	at net.devh.boot.grpc.server.service.AnnotationGrpcServiceDiscoverer.bindInterceptors(AnnotationGrpcServiceDiscoverer.java:76)
	at net.devh.boot.grpc.server.service.AnnotationGrpcServiceDiscoverer.findGrpcServices(AnnotationGrpcServiceDiscoverer.java:64)
	at net.devh.boot.grpc.server.autoconfigure.GrpcServerFactoryAutoConfiguration.shadedNettyGrpcServerFactory(GrpcServerFactoryAutoConfiguration.java:75)
	at java.base/jdk.internal.reflect.NativeMethodAccessorImpl.invoke0(Native Method)
	at java.base/jdk.internal.reflect.NativeMethodAccessorImpl.invoke(NativeMethodAccessorImpl.java:77)
	at java.base/jdk.internal.reflect.DelegatingMethodAccessorImpl.invoke(DelegatingMethodAccessorImpl.java:43)
	at java.base/java.lang.reflect.Method.invoke(Method.java:568)
	at org.springframework.beans.factory.support.SimpleInstantiationStrategy.instantiate(SimpleInstantiationStrategy.java:140)
	... 19 common frames omitted
2024-07-28 20:36:00.338 [main] INFO  o.g.s.ShortenServiceApplication - Starting ShortenServiceApplication using Java 17.0.2 with PID 3148 (C:\SON.admin\ProjectFinal\gonlink.online\backend\shorten-service\build\classes\java\main started by ADMIN in C:\SON.admin\ProjectFinal\gonlink.online\backend)
2024-07-28 20:36:00.341 [main] INFO  o.g.s.ShortenServiceApplication - No active profile set, falling back to 1 default profile: "default"
2024-07-28 20:36:00.749 [main] INFO  o.s.d.r.c.RepositoryConfigurationDelegate - Bootstrapping Spring Data MongoDB repositories in DEFAULT mode.
2024-07-28 20:36:00.800 [main] INFO  o.s.d.r.c.RepositoryConfigurationDelegate - Finished Spring Data repository scanning in 44 ms. Found 1 MongoDB repository interface.
2024-07-28 20:36:01.175 [main] INFO  org.mongodb.driver.client - MongoClient with metadata {"driver": {"name": "mongo-java-driver|sync|spring-boot", "version": "5.0.1"}, "os": {"type": "Windows", "name": "Windows 11", "architecture": "amd64", "version": "10.0"}, "platform": "Java/Oracle Corporation/17.0.2+8-LTS-86"} created with settings MongoClientSettings{readPreference=primary, writeConcern=WriteConcern{w=null, wTimeout=null ms, journal=null}, retryWrites=true, retryReads=true, readConcern=ReadConcern{level=null}, credential=MongoCredential{mechanism=null, userName='sonnees', source='admin', password=<hidden>, mechanismProperties=<hidden>}, transportSettings=null, commandListeners=[], codecRegistry=ProvidersCodecRegistry{codecProviders=[ValueCodecProvider{}, BsonValueCodecProvider{}, DBRefCodecProvider{}, DBObjectCodecProvider{}, DocumentCodecProvider{}, CollectionCodecProvider{}, IterableCodecProvider{}, MapCodecProvider{}, GeoJsonCodecProvider{}, GridFSFileCodecProvider{}, Jsr310CodecProvider{}, JsonObjectCodecProvider{}, BsonCodecProvider{}, EnumCodecProvider{}, com.mongodb.client.model.mql.ExpressionCodecProvider@6949e948, com.mongodb.Jep395RecordCodecProvider@210d2a6c, com.mongodb.KotlinCodecProvider@3bec5821]}, loggerSettings=LoggerSettings{maxDocumentLength=1000}, clusterSettings={hosts=[127.0.0.1:27017], srvHost=cluster0.m0vbmbu.mongodb.net, srvServiceName=mongodb, mode=MULTIPLE, requiredClusterType=REPLICA_SET, requiredReplicaSetName='atlas-mog6u6-shard-0', serverSelector='null', clusterListeners='[]', serverSelectionTimeout='30000 ms', localThreshold='15 ms'}, socketSettings=SocketSettings{connectTimeoutMS=10000, readTimeoutMS=0, receiveBufferSize=0, proxySettings=ProxySettings{host=null, port=null, username=null, password=null}}, heartbeatSocketSettings=SocketSettings{connectTimeoutMS=10000, readTimeoutMS=10000, receiveBufferSize=0, proxySettings=ProxySettings{host=null, port=null, username=null, password=null}}, connectionPoolSettings=ConnectionPoolSettings{maxSize=100, minSize=0, maxWaitTimeMS=120000, maxConnectionLifeTimeMS=0, maxConnectionIdleTimeMS=0, maintenanceInitialDelayMS=0, maintenanceFrequencyMS=60000, connectionPoolListeners=[], maxConnecting=2}, serverSettings=ServerSettings{heartbeatFrequencyMS=10000, minHeartbeatFrequencyMS=500, serverListeners='[]', serverMonitorListeners='[]'}, sslSettings=SslSettings{enabled=true, invalidHostNameAllowed=false, context=null}, applicationName='null', compressorList=[], uuidRepresentation=JAVA_LEGACY, serverApi=null, autoEncryptionSettings=null, dnsClient=null, inetAddressResolver=null, contextProvider=null}
2024-07-28 20:36:01.211 [cluster-ClusterId{value='66a64941fd318060b666e723', description='null'}-srv-cluster0.m0vbmbu.mongodb.net] INFO  org.mongodb.driver.cluster - Adding discovered server ac-duaokb9-shard-00-02.m0vbmbu.mongodb.net:27017 to client view of cluster
2024-07-28 20:36:01.235 [cluster-ClusterId{value='66a64941fd318060b666e723', description='null'}-srv-cluster0.m0vbmbu.mongodb.net] INFO  org.mongodb.driver.cluster - Adding discovered server ac-duaokb9-shard-00-00.m0vbmbu.mongodb.net:27017 to client view of cluster
2024-07-28 20:36:01.237 [cluster-ClusterId{value='66a64941fd318060b666e723', description='null'}-srv-cluster0.m0vbmbu.mongodb.net] INFO  org.mongodb.driver.cluster - Adding discovered server ac-duaokb9-shard-00-01.m0vbmbu.mongodb.net:27017 to client view of cluster
2024-07-28 20:36:01.609 [main] INFO  n.d.b.g.s.a.GrpcServerFactoryAutoConfiguration - Detected grpc-netty-shaded: Creating ShadedNettyGrpcServerFactory
2024-07-28 20:36:01.679 [cluster-ClusterId{value='66a64941fd318060b666e723', description='null'}-ac-duaokb9-shard-00-02.m0vbmbu.mongodb.net:27017] INFO  org.mongodb.driver.cluster - Monitor thread successfully connected to server with description ServerDescription{address=ac-duaokb9-shard-00-02.m0vbmbu.mongodb.net:27017, type=REPLICA_SET_SECONDARY, state=CONNECTED, ok=true, minWireVersion=0, maxWireVersion=21, maxDocumentSize=16777216, logicalSessionTimeoutMinutes=30, roundTripTimeNanos=195483200, setName='atlas-mog6u6-shard-0', canonicalAddress=ac-duaokb9-shard-00-02.m0vbmbu.mongodb.net:27017, hosts=[ac-duaokb9-shard-00-01.m0vbmbu.mongodb.net:27017, ac-duaokb9-shard-00-00.m0vbmbu.mongodb.net:27017, ac-duaokb9-shard-00-02.m0vbmbu.mongodb.net:27017], passives=[], arbiters=[], primary='ac-duaokb9-shard-00-01.m0vbmbu.mongodb.net:27017', tagSet=TagSet{[Tag{name='availabilityZone', value='apse1-az3'}, Tag{name='diskState', value='READY'}, Tag{name='nodeType', value='ELECTABLE'}, Tag{name='provider', value='AWS'}, Tag{name='region', value='AP_SOUTHEAST_1'}, Tag{name='workloadType', value='OPERATIONAL'}]}, electionId=null, setVersion=195, topologyVersion=TopologyVersion{processId=668fd11444a03c205c505f15, counter=3}, lastWriteDate=Sun Jul 28 20:36:01 ICT 2024, lastUpdateTimeNanos=183238740144500}
2024-07-28 20:36:01.679 [cluster-ClusterId{value='66a64941fd318060b666e723', description='null'}-ac-duaokb9-shard-00-00.m0vbmbu.mongodb.net:27017] INFO  org.mongodb.driver.cluster - Monitor thread successfully connected to server with description ServerDescription{address=ac-duaokb9-shard-00-00.m0vbmbu.mongodb.net:27017, type=REPLICA_SET_SECONDARY, state=CONNECTED, ok=true, minWireVersion=0, maxWireVersion=21, maxDocumentSize=16777216, logicalSessionTimeoutMinutes=30, roundTripTimeNanos=210162600, setName='atlas-mog6u6-shard-0', canonicalAddress=ac-duaokb9-shard-00-00.m0vbmbu.mongodb.net:27017, hosts=[ac-duaokb9-shard-00-01.m0vbmbu.mongodb.net:27017, ac-duaokb9-shard-00-00.m0vbmbu.mongodb.net:27017, ac-duaokb9-shard-00-02.m0vbmbu.mongodb.net:27017], passives=[], arbiters=[], primary='ac-duaokb9-shard-00-01.m0vbmbu.mongodb.net:27017', tagSet=TagSet{[Tag{name='availabilityZone', value='apse1-az1'}, Tag{name='diskState', value='READY'}, Tag{name='nodeType', value='ELECTABLE'}, Tag{name='provider', value='AWS'}, Tag{name='region', value='AP_SOUTHEAST_1'}, Tag{name='workloadType', value='OPERATIONAL'}]}, electionId=null, setVersion=195, topologyVersion=TopologyVersion{processId=668fcfb1716df8a23b22e194, counter=4}, lastWriteDate=Sun Jul 28 20:36:01 ICT 2024, lastUpdateTimeNanos=183238740171400}
2024-07-28 20:36:01.698 [cluster-ClusterId{value='66a64941fd318060b666e723', description='null'}-ac-duaokb9-shard-00-01.m0vbmbu.mongodb.net:27017] INFO  org.mongodb.driver.cluster - Monitor thread successfully connected to server with description ServerDescription{address=ac-duaokb9-shard-00-01.m0vbmbu.mongodb.net:27017, type=REPLICA_SET_PRIMARY, state=CONNECTED, ok=true, minWireVersion=0, maxWireVersion=21, maxDocumentSize=16777216, logicalSessionTimeoutMinutes=30, roundTripTimeNanos=210183600, setName='atlas-mog6u6-shard-0', canonicalAddress=ac-duaokb9-shard-00-01.m0vbmbu.mongodb.net:27017, hosts=[ac-duaokb9-shard-00-01.m0vbmbu.mongodb.net:27017, ac-duaokb9-shard-00-00.m0vbmbu.mongodb.net:27017, ac-duaokb9-shard-00-02.m0vbmbu.mongodb.net:27017], passives=[], arbiters=[], primary='ac-duaokb9-shard-00-01.m0vbmbu.mongodb.net:27017', tagSet=TagSet{[Tag{name='availabilityZone', value='apse1-az2'}, Tag{name='diskState', value='READY'}, Tag{name='nodeType', value='ELECTABLE'}, Tag{name='provider', value='AWS'}, Tag{name='region', value='AP_SOUTHEAST_1'}, Tag{name='workloadType', value='OPERATIONAL'}]}, electionId=7fffffff0000000000000178, setVersion=195, topologyVersion=TopologyVersion{processId=668fced35efc8b1ba1b38626, counter=6}, lastWriteDate=Sun Jul 28 20:36:01 ICT 2024, lastUpdateTimeNanos=183238761233200}
2024-07-28 20:36:01.699 [cluster-ClusterId{value='66a64941fd318060b666e723', description='null'}-ac-duaokb9-shard-00-01.m0vbmbu.mongodb.net:27017] INFO  org.mongodb.driver.cluster - Discovered replica set primary ac-duaokb9-shard-00-01.m0vbmbu.mongodb.net:27017 with max election id 7fffffff0000000000000178 and max set version 195
2024-07-28 20:36:01.909 [main] INFO  n.d.b.g.s.s.AbstractGrpcServerFactory - Registered gRPC service: online.gonlink.UrlShortenerService, bean: urlShortenerServiceGrpc, class: online.gonlink.shortenservice.grpc.UrlShortenerServiceGrpc
2024-07-28 20:36:01.909 [main] INFO  n.d.b.g.s.s.AbstractGrpcServerFactory - Registered gRPC service: grpc.health.v1.Health, bean: grpcHealthService, class: io.grpc.protobuf.services.HealthServiceImpl
2024-07-28 20:36:01.909 [main] INFO  n.d.b.g.s.s.AbstractGrpcServerFactory - Registered gRPC service: grpc.reflection.v1alpha.ServerReflection, bean: protoReflectionService, class: io.grpc.protobuf.services.ProtoReflectionService
2024-07-28 20:36:02.042 [main] INFO  n.d.b.g.s.s.GrpcServerLifecycle - gRPC Server started, listening on address: *, port: 9090
2024-07-28 20:36:02.051 [main] INFO  o.g.s.ShortenServiceApplication - Started ShortenServiceApplication in 2.051 seconds (process running for 2.649)
2024-07-28 20:43:28.575 [SpringApplicationShutdownHook] INFO  n.d.b.g.s.s.GrpcServerLifecycle - Completed gRPC server shutdown
2024-07-28 20:45:12.180 [main] INFO  o.g.s.ShortenServiceApplication - Starting ShortenServiceApplication using Java 17.0.2 with PID 10124 (C:\SON.admin\ProjectFinal\gonlink.online\backend\shorten-service\build\classes\java\main started by ADMIN in C:\SON.admin\ProjectFinal\gonlink.online\backend)
2024-07-28 20:45:12.183 [main] INFO  o.g.s.ShortenServiceApplication - No active profile set, falling back to 1 default profile: "default"
2024-07-28 20:45:12.924 [main] INFO  o.s.d.r.c.RepositoryConfigurationDelegate - Bootstrapping Spring Data MongoDB repositories in DEFAULT mode.
2024-07-28 20:45:13.023 [main] INFO  o.s.d.r.c.RepositoryConfigurationDelegate - Finished Spring Data repository scanning in 87 ms. Found 1 MongoDB repository interface.
2024-07-28 20:45:13.799 [main] INFO  org.mongodb.driver.client - MongoClient with metadata {"driver": {"name": "mongo-java-driver|sync|spring-boot", "version": "5.0.1"}, "os": {"type": "Windows", "name": "Windows 11", "architecture": "amd64", "version": "10.0"}, "platform": "Java/Oracle Corporation/17.0.2+8-LTS-86"} created with settings MongoClientSettings{readPreference=primary, writeConcern=WriteConcern{w=null, wTimeout=null ms, journal=null}, retryWrites=true, retryReads=true, readConcern=ReadConcern{level=null}, credential=MongoCredential{mechanism=null, userName='sonnees', source='admin', password=<hidden>, mechanismProperties=<hidden>}, transportSettings=null, commandListeners=[], codecRegistry=ProvidersCodecRegistry{codecProviders=[ValueCodecProvider{}, BsonValueCodecProvider{}, DBRefCodecProvider{}, DBObjectCodecProvider{}, DocumentCodecProvider{}, CollectionCodecProvider{}, IterableCodecProvider{}, MapCodecProvider{}, GeoJsonCodecProvider{}, GridFSFileCodecProvider{}, Jsr310CodecProvider{}, JsonObjectCodecProvider{}, BsonCodecProvider{}, EnumCodecProvider{}, com.mongodb.client.model.mql.ExpressionCodecProvider@4ed4a7e4, com.mongodb.Jep395RecordCodecProvider@1c7350b0, com.mongodb.KotlinCodecProvider@55651434]}, loggerSettings=LoggerSettings{maxDocumentLength=1000}, clusterSettings={hosts=[127.0.0.1:27017], srvHost=cluster0.m0vbmbu.mongodb.net, srvServiceName=mongodb, mode=MULTIPLE, requiredClusterType=REPLICA_SET, requiredReplicaSetName='atlas-mog6u6-shard-0', serverSelector='null', clusterListeners='[]', serverSelectionTimeout='30000 ms', localThreshold='15 ms'}, socketSettings=SocketSettings{connectTimeoutMS=10000, readTimeoutMS=0, receiveBufferSize=0, proxySettings=ProxySettings{host=null, port=null, username=null, password=null}}, heartbeatSocketSettings=SocketSettings{connectTimeoutMS=10000, readTimeoutMS=10000, receiveBufferSize=0, proxySettings=ProxySettings{host=null, port=null, username=null, password=null}}, connectionPoolSettings=ConnectionPoolSettings{maxSize=100, minSize=0, maxWaitTimeMS=120000, maxConnectionLifeTimeMS=0, maxConnectionIdleTimeMS=0, maintenanceInitialDelayMS=0, maintenanceFrequencyMS=60000, connectionPoolListeners=[], maxConnecting=2}, serverSettings=ServerSettings{heartbeatFrequencyMS=10000, minHeartbeatFrequencyMS=500, serverListeners='[]', serverMonitorListeners='[]'}, sslSettings=SslSettings{enabled=true, invalidHostNameAllowed=false, context=null}, applicationName='null', compressorList=[], uuidRepresentation=JAVA_LEGACY, serverApi=null, autoEncryptionSettings=null, dnsClient=null, inetAddressResolver=null, contextProvider=null}
2024-07-28 20:45:13.803 [cluster-ClusterId{value='66a64b690d4d380d36519c09', description='null'}-srv-cluster0.m0vbmbu.mongodb.net] INFO  org.mongodb.driver.cluster - Adding discovered server ac-duaokb9-shard-00-02.m0vbmbu.mongodb.net:27017 to client view of cluster
2024-07-28 20:45:13.842 [cluster-ClusterId{value='66a64b690d4d380d36519c09', description='null'}-srv-cluster0.m0vbmbu.mongodb.net] INFO  org.mongodb.driver.cluster - Adding discovered server ac-duaokb9-shard-00-00.m0vbmbu.mongodb.net:27017 to client view of cluster
2024-07-28 20:45:13.847 [cluster-ClusterId{value='66a64b690d4d380d36519c09', description='null'}-srv-cluster0.m0vbmbu.mongodb.net] INFO  org.mongodb.driver.cluster - Adding discovered server ac-duaokb9-shard-00-01.m0vbmbu.mongodb.net:27017 to client view of cluster
2024-07-28 20:45:14.511 [main] INFO  n.d.b.g.s.a.GrpcServerFactoryAutoConfiguration - Detected grpc-netty-shaded: Creating ShadedNettyGrpcServerFactory
2024-07-28 20:45:14.560 [cluster-ClusterId{value='66a64b690d4d380d36519c09', description='null'}-ac-duaokb9-shard-00-01.m0vbmbu.mongodb.net:27017] INFO  org.mongodb.driver.cluster - Monitor thread successfully connected to server with description ServerDescription{address=ac-duaokb9-shard-00-01.m0vbmbu.mongodb.net:27017, type=REPLICA_SET_PRIMARY, state=CONNECTED, ok=true, minWireVersion=0, maxWireVersion=21, maxDocumentSize=16777216, logicalSessionTimeoutMinutes=30, roundTripTimeNanos=279121100, setName='atlas-mog6u6-shard-0', canonicalAddress=ac-duaokb9-shard-00-01.m0vbmbu.mongodb.net:27017, hosts=[ac-duaokb9-shard-00-01.m0vbmbu.mongodb.net:27017, ac-duaokb9-shard-00-00.m0vbmbu.mongodb.net:27017, ac-duaokb9-shard-00-02.m0vbmbu.mongodb.net:27017], passives=[], arbiters=[], primary='ac-duaokb9-shard-00-01.m0vbmbu.mongodb.net:27017', tagSet=TagSet{[Tag{name='availabilityZone', value='apse1-az2'}, Tag{name='diskState', value='READY'}, Tag{name='nodeType', value='ELECTABLE'}, Tag{name='provider', value='AWS'}, Tag{name='region', value='AP_SOUTHEAST_1'}, Tag{name='workloadType', value='OPERATIONAL'}]}, electionId=7fffffff0000000000000178, setVersion=195, topologyVersion=TopologyVersion{processId=668fced35efc8b1ba1b38626, counter=6}, lastWriteDate=Sun Jul 28 20:45:14 ICT 2024, lastUpdateTimeNanos=183791621140800}
2024-07-28 20:45:14.560 [cluster-ClusterId{value='66a64b690d4d380d36519c09', description='null'}-ac-duaokb9-shard-00-02.m0vbmbu.mongodb.net:27017] INFO  org.mongodb.driver.cluster - Monitor thread successfully connected to server with description ServerDescription{address=ac-duaokb9-shard-00-02.m0vbmbu.mongodb.net:27017, type=REPLICA_SET_SECONDARY, state=CONNECTED, ok=true, minWireVersion=0, maxWireVersion=21, maxDocumentSize=16777216, logicalSessionTimeoutMinutes=30, roundTripTimeNanos=281185800, setName='atlas-mog6u6-shard-0', canonicalAddress=ac-duaokb9-shard-00-02.m0vbmbu.mongodb.net:27017, hosts=[ac-duaokb9-shard-00-01.m0vbmbu.mongodb.net:27017, ac-duaokb9-shard-00-00.m0vbmbu.mongodb.net:27017, ac-duaokb9-shard-00-02.m0vbmbu.mongodb.net:27017], passives=[], arbiters=[], primary='ac-duaokb9-shard-00-01.m0vbmbu.mongodb.net:27017', tagSet=TagSet{[Tag{name='availabilityZone', value='apse1-az3'}, Tag{name='diskState', value='READY'}, Tag{name='nodeType', value='ELECTABLE'}, Tag{name='provider', value='AWS'}, Tag{name='region', value='AP_SOUTHEAST_1'}, Tag{name='workloadType', value='OPERATIONAL'}]}, electionId=null, setVersion=195, topologyVersion=TopologyVersion{processId=668fd11444a03c205c505f15, counter=3}, lastWriteDate=Sun Jul 28 20:45:14 ICT 2024, lastUpdateTimeNanos=183791621140800}
2024-07-28 20:45:14.560 [cluster-ClusterId{value='66a64b690d4d380d36519c09', description='null'}-ac-duaokb9-shard-00-00.m0vbmbu.mongodb.net:27017] INFO  org.mongodb.driver.cluster - Monitor thread successfully connected to server with description ServerDescription{address=ac-duaokb9-shard-00-00.m0vbmbu.mongodb.net:27017, type=REPLICA_SET_SECONDARY, state=CONNECTED, ok=true, minWireVersion=0, maxWireVersion=21, maxDocumentSize=16777216, logicalSessionTimeoutMinutes=30, roundTripTimeNanos=279392200, setName='atlas-mog6u6-shard-0', canonicalAddress=ac-duaokb9-shard-00-00.m0vbmbu.mongodb.net:27017, hosts=[ac-duaokb9-shard-00-01.m0vbmbu.mongodb.net:27017, ac-duaokb9-shard-00-00.m0vbmbu.mongodb.net:27017, ac-duaokb9-shard-00-02.m0vbmbu.mongodb.net:27017], passives=[], arbiters=[], primary='ac-duaokb9-shard-00-01.m0vbmbu.mongodb.net:27017', tagSet=TagSet{[Tag{name='availabilityZone', value='apse1-az1'}, Tag{name='diskState', value='READY'}, Tag{name='nodeType', value='ELECTABLE'}, Tag{name='provider', value='AWS'}, Tag{name='region', value='AP_SOUTHEAST_1'}, Tag{name='workloadType', value='OPERATIONAL'}]}, electionId=null, setVersion=195, topologyVersion=TopologyVersion{processId=668fcfb1716df8a23b22e194, counter=4}, lastWriteDate=Sun Jul 28 20:45:14 ICT 2024, lastUpdateTimeNanos=183791621140800}
2024-07-28 20:45:14.565 [cluster-ClusterId{value='66a64b690d4d380d36519c09', description='null'}-ac-duaokb9-shard-00-01.m0vbmbu.mongodb.net:27017] INFO  org.mongodb.driver.cluster - Discovered replica set primary ac-duaokb9-shard-00-01.m0vbmbu.mongodb.net:27017 with max election id 7fffffff0000000000000178 and max set version 195
2024-07-28 20:45:14.942 [main] INFO  n.d.b.g.s.s.AbstractGrpcServerFactory - Registered gRPC service: online.gonlink.UrlShortenerService, bean: urlShortenerServiceGrpc, class: online.gonlink.shortenservice.grpc.UrlShortenerServiceGrpc
2024-07-28 20:45:14.942 [main] INFO  n.d.b.g.s.s.AbstractGrpcServerFactory - Registered gRPC service: grpc.health.v1.Health, bean: grpcHealthService, class: io.grpc.protobuf.services.HealthServiceImpl
2024-07-28 20:45:14.942 [main] INFO  n.d.b.g.s.s.AbstractGrpcServerFactory - Registered gRPC service: grpc.reflection.v1alpha.ServerReflection, bean: protoReflectionService, class: io.grpc.protobuf.services.ProtoReflectionService
2024-07-28 20:45:15.140 [main] INFO  n.d.b.g.s.s.GrpcServerLifecycle - gRPC Server started, listening on address: *, port: 9090
2024-07-28 20:45:15.151 [main] INFO  o.g.s.ShortenServiceApplication - Started ShortenServiceApplication in 3.344 seconds (process running for 4.02)
2024-07-28 20:56:26.384 [SpringApplicationShutdownHook] INFO  n.d.b.g.s.s.GrpcServerLifecycle - Completed gRPC server shutdown
2024-07-28 20:56:30.591 [main] INFO  o.g.s.ShortenServiceApplication - Starting ShortenServiceApplication using Java 17.0.2 with PID 580 (C:\SON.admin\ProjectFinal\gonlink.online\backend\shorten-service\build\classes\java\main started by ADMIN in C:\SON.admin\ProjectFinal\gonlink.online\backend)
2024-07-28 20:56:30.592 [main] INFO  o.g.s.ShortenServiceApplication - No active profile set, falling back to 1 default profile: "default"
2024-07-28 20:56:30.995 [main] INFO  o.s.d.r.c.RepositoryConfigurationDelegate - Bootstrapping Spring Data MongoDB repositories in DEFAULT mode.
2024-07-28 20:56:31.048 [main] INFO  o.s.d.r.c.RepositoryConfigurationDelegate - Finished Spring Data repository scanning in 45 ms. Found 1 MongoDB repository interface.
2024-07-28 20:56:31.512 [main] INFO  org.mongodb.driver.client - MongoClient with metadata {"driver": {"name": "mongo-java-driver|sync|spring-boot", "version": "5.0.1"}, "os": {"type": "Windows", "name": "Windows 11", "architecture": "amd64", "version": "10.0"}, "platform": "Java/Oracle Corporation/17.0.2+8-LTS-86"} created with settings MongoClientSettings{readPreference=primary, writeConcern=WriteConcern{w=null, wTimeout=null ms, journal=null}, retryWrites=true, retryReads=true, readConcern=ReadConcern{level=null}, credential=MongoCredential{mechanism=null, userName='sonnees', source='admin', password=<hidden>, mechanismProperties=<hidden>}, transportSettings=null, commandListeners=[], codecRegistry=ProvidersCodecRegistry{codecProviders=[ValueCodecProvider{}, BsonValueCodecProvider{}, DBRefCodecProvider{}, DBObjectCodecProvider{}, DocumentCodecProvider{}, CollectionCodecProvider{}, IterableCodecProvider{}, MapCodecProvider{}, GeoJsonCodecProvider{}, GridFSFileCodecProvider{}, Jsr310CodecProvider{}, JsonObjectCodecProvider{}, BsonCodecProvider{}, EnumCodecProvider{}, com.mongodb.client.model.mql.ExpressionCodecProvider@5634a861, com.mongodb.Jep395RecordCodecProvider@2b0dc227, com.mongodb.KotlinCodecProvider@37ad042b]}, loggerSettings=LoggerSettings{maxDocumentLength=1000}, clusterSettings={hosts=[127.0.0.1:27017], srvHost=cluster0.m0vbmbu.mongodb.net, srvServiceName=mongodb, mode=MULTIPLE, requiredClusterType=REPLICA_SET, requiredReplicaSetName='atlas-mog6u6-shard-0', serverSelector='null', clusterListeners='[]', serverSelectionTimeout='30000 ms', localThreshold='15 ms'}, socketSettings=SocketSettings{connectTimeoutMS=10000, readTimeoutMS=0, receiveBufferSize=0, proxySettings=ProxySettings{host=null, port=null, username=null, password=null}}, heartbeatSocketSettings=SocketSettings{connectTimeoutMS=10000, readTimeoutMS=10000, receiveBufferSize=0, proxySettings=ProxySettings{host=null, port=null, username=null, password=null}}, connectionPoolSettings=ConnectionPoolSettings{maxSize=100, minSize=0, maxWaitTimeMS=120000, maxConnectionLifeTimeMS=0, maxConnectionIdleTimeMS=0, maintenanceInitialDelayMS=0, maintenanceFrequencyMS=60000, connectionPoolListeners=[], maxConnecting=2}, serverSettings=ServerSettings{heartbeatFrequencyMS=10000, minHeartbeatFrequencyMS=500, serverListeners='[]', serverMonitorListeners='[]'}, sslSettings=SslSettings{enabled=true, invalidHostNameAllowed=false, context=null}, applicationName='null', compressorList=[], uuidRepresentation=JAVA_LEGACY, serverApi=null, autoEncryptionSettings=null, dnsClient=null, inetAddressResolver=null, contextProvider=null}
2024-07-28 20:56:31.565 [cluster-ClusterId{value='66a64e0f4328cd2a4bcaadc4', description='null'}-srv-cluster0.m0vbmbu.mongodb.net] INFO  org.mongodb.driver.cluster - Adding discovered server ac-duaokb9-shard-00-02.m0vbmbu.mongodb.net:27017 to client view of cluster
2024-07-28 20:56:31.601 [cluster-ClusterId{value='66a64e0f4328cd2a4bcaadc4', description='null'}-srv-cluster0.m0vbmbu.mongodb.net] INFO  org.mongodb.driver.cluster - Adding discovered server ac-duaokb9-shard-00-00.m0vbmbu.mongodb.net:27017 to client view of cluster
2024-07-28 20:56:31.603 [cluster-ClusterId{value='66a64e0f4328cd2a4bcaadc4', description='null'}-srv-cluster0.m0vbmbu.mongodb.net] INFO  org.mongodb.driver.cluster - Adding discovered server ac-duaokb9-shard-00-01.m0vbmbu.mongodb.net:27017 to client view of cluster
2024-07-28 20:56:32.016 [main] INFO  n.d.b.g.s.a.GrpcServerFactoryAutoConfiguration - Detected grpc-netty-shaded: Creating ShadedNettyGrpcServerFactory
2024-07-28 20:56:32.088 [cluster-ClusterId{value='66a64e0f4328cd2a4bcaadc4', description='null'}-ac-duaokb9-shard-00-00.m0vbmbu.mongodb.net:27017] INFO  org.mongodb.driver.cluster - Monitor thread successfully connected to server with description ServerDescription{address=ac-duaokb9-shard-00-00.m0vbmbu.mongodb.net:27017, type=REPLICA_SET_SECONDARY, state=CONNECTED, ok=true, minWireVersion=0, maxWireVersion=21, maxDocumentSize=16777216, logicalSessionTimeoutMinutes=30, roundTripTimeNanos=217461300, setName='atlas-mog6u6-shard-0', canonicalAddress=ac-duaokb9-shard-00-00.m0vbmbu.mongodb.net:27017, hosts=[ac-duaokb9-shard-00-01.m0vbmbu.mongodb.net:27017, ac-duaokb9-shard-00-00.m0vbmbu.mongodb.net:27017, ac-duaokb9-shard-00-02.m0vbmbu.mongodb.net:27017], passives=[], arbiters=[], primary='ac-duaokb9-shard-00-01.m0vbmbu.mongodb.net:27017', tagSet=TagSet{[Tag{name='availabilityZone', value='apse1-az1'}, Tag{name='diskState', value='READY'}, Tag{name='nodeType', value='ELECTABLE'}, Tag{name='provider', value='AWS'}, Tag{name='region', value='AP_SOUTHEAST_1'}, Tag{name='workloadType', value='OPERATIONAL'}]}, electionId=null, setVersion=195, topologyVersion=TopologyVersion{processId=668fcfb1716df8a23b22e194, counter=4}, lastWriteDate=Sun Jul 28 20:56:32 ICT 2024, lastUpdateTimeNanos=184469148626100}
2024-07-28 20:56:32.088 [cluster-ClusterId{value='66a64e0f4328cd2a4bcaadc4', description='null'}-ac-duaokb9-shard-00-02.m0vbmbu.mongodb.net:27017] INFO  org.mongodb.driver.cluster - Monitor thread successfully connected to server with description ServerDescription{address=ac-duaokb9-shard-00-02.m0vbmbu.mongodb.net:27017, type=REPLICA_SET_SECONDARY, state=CONNECTED, ok=true, minWireVersion=0, maxWireVersion=21, maxDocumentSize=16777216, logicalSessionTimeoutMinutes=30, roundTripTimeNanos=212919900, setName='atlas-mog6u6-shard-0', canonicalAddress=ac-duaokb9-shard-00-02.m0vbmbu.mongodb.net:27017, hosts=[ac-duaokb9-shard-00-01.m0vbmbu.mongodb.net:27017, ac-duaokb9-shard-00-00.m0vbmbu.mongodb.net:27017, ac-duaokb9-shard-00-02.m0vbmbu.mongodb.net:27017], passives=[], arbiters=[], primary='ac-duaokb9-shard-00-01.m0vbmbu.mongodb.net:27017', tagSet=TagSet{[Tag{name='availabilityZone', value='apse1-az3'}, Tag{name='diskState', value='READY'}, Tag{name='nodeType', value='ELECTABLE'}, Tag{name='provider', value='AWS'}, Tag{name='region', value='AP_SOUTHEAST_1'}, Tag{name='workloadType', value='OPERATIONAL'}]}, electionId=null, setVersion=195, topologyVersion=TopologyVersion{processId=668fd11444a03c205c505f15, counter=3}, lastWriteDate=Sun Jul 28 20:56:32 ICT 2024, lastUpdateTimeNanos=184469148626100}
2024-07-28 20:56:32.088 [cluster-ClusterId{value='66a64e0f4328cd2a4bcaadc4', description='null'}-ac-duaokb9-shard-00-01.m0vbmbu.mongodb.net:27017] INFO  org.mongodb.driver.cluster - Monitor thread successfully connected to server with description ServerDescription{address=ac-duaokb9-shard-00-01.m0vbmbu.mongodb.net:27017, type=REPLICA_SET_PRIMARY, state=CONNECTED, ok=true, minWireVersion=0, maxWireVersion=21, maxDocumentSize=16777216, logicalSessionTimeoutMinutes=30, roundTripTimeNanos=213916100, setName='atlas-mog6u6-shard-0', canonicalAddress=ac-duaokb9-shard-00-01.m0vbmbu.mongodb.net:27017, hosts=[ac-duaokb9-shard-00-01.m0vbmbu.mongodb.net:27017, ac-duaokb9-shard-00-00.m0vbmbu.mongodb.net:27017, ac-duaokb9-shard-00-02.m0vbmbu.mongodb.net:27017], passives=[], arbiters=[], primary='ac-duaokb9-shard-00-01.m0vbmbu.mongodb.net:27017', tagSet=TagSet{[Tag{name='availabilityZone', value='apse1-az2'}, Tag{name='diskState', value='READY'}, Tag{name='nodeType', value='ELECTABLE'}, Tag{name='provider', value='AWS'}, Tag{name='region', value='AP_SOUTHEAST_1'}, Tag{name='workloadType', value='OPERATIONAL'}]}, electionId=7fffffff0000000000000178, setVersion=195, topologyVersion=TopologyVersion{processId=668fced35efc8b1ba1b38626, counter=6}, lastWriteDate=Sun Jul 28 20:56:32 ICT 2024, lastUpdateTimeNanos=184469148626100}
2024-07-28 20:56:32.089 [cluster-ClusterId{value='66a64e0f4328cd2a4bcaadc4', description='null'}-ac-duaokb9-shard-00-01.m0vbmbu.mongodb.net:27017] INFO  org.mongodb.driver.cluster - Discovered replica set primary ac-duaokb9-shard-00-01.m0vbmbu.mongodb.net:27017 with max election id 7fffffff0000000000000178 and max set version 195
2024-07-28 20:56:32.288 [main] INFO  n.d.b.g.s.s.AbstractGrpcServerFactory - Registered gRPC service: online.gonlink.UrlShortenerService, bean: urlShortenerServiceGrpc, class: online.gonlink.shortenservice.grpc.UrlShortenerServiceGrpc
2024-07-28 20:56:32.288 [main] INFO  n.d.b.g.s.s.AbstractGrpcServerFactory - Registered gRPC service: grpc.health.v1.Health, bean: grpcHealthService, class: io.grpc.protobuf.services.HealthServiceImpl
2024-07-28 20:56:32.288 [main] INFO  n.d.b.g.s.s.AbstractGrpcServerFactory - Registered gRPC service: grpc.reflection.v1alpha.ServerReflection, bean: protoReflectionService, class: io.grpc.protobuf.services.ProtoReflectionService
2024-07-28 20:56:32.423 [main] INFO  n.d.b.g.s.s.GrpcServerLifecycle - gRPC Server started, listening on address: *, port: 9090
2024-07-28 20:56:32.431 [main] INFO  o.g.s.ShortenServiceApplication - Started ShortenServiceApplication in 2.164 seconds (process running for 2.788)
